#
# There is insufficient memory for the Java Runtime Environment to continue.
# Native memory allocation (mmap) failed to map 65536 bytes for Failed to commit metaspace.
# Possible reasons:
#   The system is out of physical RAM or swap space
#   The process is running with CompressedOops enabled, and the Java Heap may be blocking the growth of the native heap
# Possible solutions:
#   Reduce memory load on the system
#   Increase physical memory or swap space
#   Check if swap backing store is full
#   Decrease Java heap size (-Xmx/-Xms)
#   Decrease number of Java threads
#   Decrease Java thread stack sizes (-Xss)
#   Set larger code cache with -XX:ReservedCodeCacheSize=
#   JVM is running with Unscaled Compressed Oops mode in which the Java heap is
#     placed in the first 4GB address space. The Java Heap base address is the
#     maximum limit for the native heap growth. Please use -XX:HeapBaseMinAddress
#     to set the Java Heap base and to place the Java Heap above 4GB virtual address.
# This output file may be truncated or incomplete.
#
#  Out of Memory Error (virtualSpaceNode.cpp:110), pid=10740, tid=13632
#
# JRE version: Java(TM) SE Runtime Environment (19.0.1+10) (build 19.0.1+10-21)
# Java VM: Java HotSpot(TM) 64-Bit Server VM (19.0.1+10-21, mixed mode, sharing, tiered, compressed oops, compressed class ptrs, g1 gc, windows-amd64)
# No core dump will be written. Minidumps are not enabled by default on client versions of Windows
#

---------------  S U M M A R Y ------------

Command Line: -javaagent:C:\Program Files\JetBrains\IntelliJ IDEA Community Edition 2023.1.1\lib\idea_rt.jar=59153:C:\Program Files\JetBrains\IntelliJ IDEA Community Edition 2023.1.1\bin -Dfile.encoding=UTF-8 -Dsun.stdout.encoding=UTF-8 -Dsun.stderr.encoding=UTF-8 com.project.springboot.cruddemo.CruddemoApplication

Host: Intel(R) Core(TM) i7-8550U CPU @ 1.80GHz, 8 cores, 7G,  Windows 10 , 64 bit Build 19041 (10.0.19041.2913)
Time: Mon May 15 01:54:07 2023 Egypt Daylight Time elapsed time: 126.497846 seconds (0d 0h 2m 6s)

---------------  T H R E A D  ---------------

Current thread (0x0000021120b48a20):  JavaThread "C1 CompilerThread0" daemon [_thread_in_vm, id=13632, stack(0x000000c9fb800000,0x000000c9fb900000)]


Current CompileTask:
C1: 126498 5571   !   3       org.apache.tomcat.util.net.NioEndpoint$Poller::events (266 bytes)

Stack: [0x000000c9fb800000,0x000000c9fb900000]
Native frames: (J=compiled Java code, j=interpreted, Vv=VM code, C=native code)
V  [jvm.dll+0x6ee8fa]
V  [jvm.dll+0x857a1e]
V  [jvm.dll+0x85940e]
V  [jvm.dll+0x859ac3]
V  [jvm.dll+0x28291f]
V  [jvm.dll+0x85369b]
V  [jvm.dll+0x693276]
V  [jvm.dll+0x1f29b7]
V  [jvm.dll+0x695cb2]
V  [jvm.dll+0x695a9e]
V  [jvm.dll+0x693c9e]
V  [jvm.dll+0x6a557a]
V  [jvm.dll+0x69e54a]
V  [jvm.dll+0x2002f0]
V  [jvm.dll+0x2004d8]
V  [jvm.dll+0x1735f1]
V  [jvm.dll+0x173435]
V  [jvm.dll+0x16ae65]
V  [jvm.dll+0x16d0e7]
V  [jvm.dll+0x16b6f5]
V  [jvm.dll+0x165600]
V  [jvm.dll+0x175076]
V  [jvm.dll+0x160c20]
V  [jvm.dll+0x160f93]
V  [jvm.dll+0x161278]
V  [jvm.dll+0x1606d6]
V  [jvm.dll+0x1623cd]
V  [jvm.dll+0x25b0fa]
V  [jvm.dll+0x259588]
V  [jvm.dll+0x807928]
V  [jvm.dll+0x8015fa]
V  [jvm.dll+0x6ed5eb]
C  [ucrtbase.dll+0x21bb2]
C  [KERNEL32.DLL+0x17614]
C  [ntdll.dll+0x526a1]


---------------  P R O C E S S  ---------------

Threads class SMR info:
_java_thread_list=0x0000021125ba0fa0, length=32, elements={
0x0000021120b2f3e0, 0x0000021120b301d0, 0x0000021120b34b60, 0x0000021120b37900,
0x0000021120b39240, 0x0000021120b3bcc0, 0x0000021120b400a0, 0x0000021120b48a20,
0x0000021120b4cb90, 0x0000021124dc1200, 0x0000021124dc1ca0, 0x0000021124dc2740,
0x0000021124dc2c90, 0x0000021124dc31e0, 0x0000021124dc41d0, 0x0000021124dc4720,
0x00000211279cbbb0, 0x00000211279c9680, 0x00000211279c8140, 0x00000211279c9130,
0x00000211279cc100, 0x00000211279ca670, 0x00000211279cb110, 0x00000211279c9bd0,
0x00000211279cb660, 0x00000211279cabc0, 0x00000211279cc650, 0x00000211279c6c00,
0x00000211279c7bf0, 0x00000211279ca120, 0x00000211279cd0f0, 0x00000211279ccba0
}

Java Threads: ( => current thread )
  0x0000021120b2f3e0 JavaThread "Reference Handler" daemon [_thread_blocked, id=5692, stack(0x000000c9fb100000,0x000000c9fb200000)]
  0x0000021120b301d0 JavaThread "Finalizer" daemon [_thread_blocked, id=9888, stack(0x000000c9fb200000,0x000000c9fb300000)]
  0x0000021120b34b60 JavaThread "Signal Dispatcher" daemon [_thread_blocked, id=12784, stack(0x000000c9fb300000,0x000000c9fb400000)]
  0x0000021120b37900 JavaThread "Attach Listener" daemon [_thread_blocked, id=11392, stack(0x000000c9fb400000,0x000000c9fb500000)]
  0x0000021120b39240 JavaThread "Service Thread" daemon [_thread_blocked, id=5556, stack(0x000000c9fb500000,0x000000c9fb600000)]
  0x0000021120b3bcc0 JavaThread "Monitor Deflation Thread" daemon [_thread_blocked, id=13288, stack(0x000000c9fb600000,0x000000c9fb700000)]
  0x0000021120b400a0 JavaThread "C2 CompilerThread0" daemon [_thread_blocked, id=14908, stack(0x000000c9fb700000,0x000000c9fb800000)]
=>0x0000021120b48a20 JavaThread "C1 CompilerThread0" daemon [_thread_in_vm, id=13632, stack(0x000000c9fb800000,0x000000c9fb900000)]
  0x0000021120b4cb90 JavaThread "Sweeper thread" daemon [_thread_blocked, id=12536, stack(0x000000c9fb900000,0x000000c9fba00000)]
  0x0000021124dc1200 JavaThread "Common-Cleaner" daemon [_thread_blocked, id=4500, stack(0x000000c9fba00000,0x000000c9fbb00000)]
  0x0000021124dc1ca0 JavaThread "Monitor Ctrl-Break" daemon [_thread_in_native, id=12020, stack(0x000000c9fbb00000,0x000000c9fbc00000)]
  0x0000021124dc2740 JavaThread "Notification Thread" daemon [_thread_blocked, id=16412, stack(0x000000c9fbc00000,0x000000c9fbd00000)]
  0x0000021124dc2c90 JavaThread "Catalina-utility-1" [_thread_blocked, id=16932, stack(0x000000c9fca00000,0x000000c9fcb00000)]
  0x0000021124dc31e0 JavaThread "Catalina-utility-2" [_thread_blocked, id=17140, stack(0x000000c9fcb00000,0x000000c9fcc00000)]
  0x0000021124dc41d0 JavaThread "container-0" [_thread_blocked, id=16444, stack(0x000000c9fcc00000,0x000000c9fcd00000)]
  0x0000021124dc4720 JavaThread "mysql-cj-abandoned-connection-cleanup" daemon [_thread_blocked, id=16152, stack(0x000000c9fcd00000,0x000000c9fce00000)]
  0x00000211279cbbb0 JavaThread "HikariPool-1 housekeeper" daemon [_thread_blocked, id=2612, stack(0x000000c9fcf00000,0x000000c9fd000000)]
  0x00000211279c9680 JavaThread "File Watcher" daemon [_thread_blocked, id=14448, stack(0x000000c9fd100000,0x000000c9fd200000)]
  0x00000211279c8140 JavaThread "Live Reload Server" daemon [_thread_in_native, id=15884, stack(0x000000c9fd300000,0x000000c9fd400000)]
  0x00000211279c9130 JavaThread "http-nio-8080-exec-1" daemon [_thread_blocked, id=14324, stack(0x000000c9fd200000,0x000000c9fd300000)]
  0x00000211279cc100 JavaThread "http-nio-8080-exec-2" daemon [_thread_blocked, id=1768, stack(0x000000c9fd400000,0x000000c9fd500000)]
  0x00000211279ca670 JavaThread "http-nio-8080-exec-3" daemon [_thread_blocked, id=716, stack(0x000000c9fd500000,0x000000c9fd600000)]
  0x00000211279cb110 JavaThread "http-nio-8080-exec-4" daemon [_thread_blocked, id=11788, stack(0x000000c9fd600000,0x000000c9fd700000)]
  0x00000211279c9bd0 JavaThread "http-nio-8080-exec-5" daemon [_thread_blocked, id=14788, stack(0x000000c9fd700000,0x000000c9fd800000)]
  0x00000211279cb660 JavaThread "http-nio-8080-exec-6" daemon [_thread_blocked, id=14388, stack(0x000000c9fd800000,0x000000c9fd900000)]
  0x00000211279cabc0 JavaThread "http-nio-8080-exec-7" daemon [_thread_blocked, id=5360, stack(0x000000c9fd900000,0x000000c9fda00000)]
  0x00000211279cc650 JavaThread "http-nio-8080-exec-8" daemon [_thread_blocked, id=5248, stack(0x000000c9fda00000,0x000000c9fdb00000)]
  0x00000211279c6c00 JavaThread "http-nio-8080-exec-9" daemon [_thread_blocked, id=11388, stack(0x000000c9fdb00000,0x000000c9fdc00000)]
  0x00000211279c7bf0 JavaThread "http-nio-8080-exec-10" daemon [_thread_blocked, id=14464, stack(0x000000c9fdc00000,0x000000c9fdd00000)]
  0x00000211279ca120 JavaThread "http-nio-8080-Poller" daemon [_thread_in_native, id=4004, stack(0x000000c9fdd00000,0x000000c9fde00000)]
  0x00000211279cd0f0 JavaThread "http-nio-8080-Acceptor" daemon [_thread_in_native, id=7684, stack(0x000000c9fde00000,0x000000c9fdf00000)]
  0x00000211279ccba0 JavaThread "DestroyJavaVM" [_thread_blocked, id=12680, stack(0x000000c9faa00000,0x000000c9fab00000)]

Other Threads:
  0x0000021120b16710 VMThread "VM Thread" [stack: 0x000000c9fb000000,0x000000c9fb100000] [id=9832]
  0x0000021125206fd0 WatcherThread "VM Periodic Task Thread" [stack: 0x000000c9fbd00000,0x000000c9fbe00000] [id=13796]
  0x000002110239cc60 WorkerThread "GC Thread#0" [stack: 0x000000c9fab00000,0x000000c9fac00000] [id=13700]
  0x0000021125a69870 WorkerThread "GC Thread#1" [stack: 0x000000c9fc100000,0x000000c9fc200000] [id=1692]
  0x0000021125a69b40 WorkerThread "GC Thread#2" [stack: 0x000000c9fc200000,0x000000c9fc300000] [id=10448]
  0x0000021125a95040 WorkerThread "GC Thread#3" [stack: 0x000000c9fc300000,0x000000c9fc400000] [id=13028]
  0x0000021125a69e10 WorkerThread "GC Thread#4" [stack: 0x000000c9fc400000,0x000000c9fc500000] [id=16772]
  0x00000211258625f0 WorkerThread "GC Thread#5" [stack: 0x000000c9fc500000,0x000000c9fc600000] [id=15208]
  0x00000211258617e0 WorkerThread "GC Thread#6" [stack: 0x000000c9fc700000,0x000000c9fc800000] [id=1944]
  0x0000021125861ab0 WorkerThread "GC Thread#7" [stack: 0x000000c9fc800000,0x000000c9fc900000] [id=11180]
  0x000002110023d450 ConcurrentGCThread "G1 Main Marker" [stack: 0x000000c9fac00000,0x000000c9fad00000] [id=13756]
  0x000002110023dd90 WorkerThread "G1 Conc#0" [stack: 0x000000c9fad00000,0x000000c9fae00000] [id=10028]
  0x0000021125862b90 WorkerThread "G1 Conc#1" [stack: 0x000000c9fc900000,0x000000c9fca00000] [id=11628]
  0x00000211023fe580 ConcurrentGCThread "G1 Refine#0" [stack: 0x000000c9fae00000,0x000000c9faf00000] [id=7356]
  0x00000211209d32b0 ConcurrentGCThread "G1 Service" [stack: 0x000000c9faf00000,0x000000c9fb000000] [id=10556]

Threads with active compile tasks:
C1 CompilerThread0   126550 5571   !   3       org.apache.tomcat.util.net.NioEndpoint$Poller::events (266 bytes)

VM state: not at safepoint (normal execution)

VM Mutex/Monitor currently owned by a thread:  ([mutex/lock_event])
[0x0000021102339b50] Metaspace_lock - owner thread: 0x0000021120b48a20
[0x000002110233af80] MethodData_lock - owner thread: 0x0000021120b48a20

Heap address: 0x0000000081800000, size: 2024 MB, Compressed Oops mode: 32-bit

CDS archive(s) mapped at: [0x0000000800000000-0x0000000800c40000-0x0000000800c40000), size 12845056, SharedBaseAddress: 0x0000000800000000, ArchiveRelocationMode: 0.
Compressed class space mapped at: 0x0000000801000000-0x0000000841000000, reserved size: 1073741824
Narrow klass base: 0x0000000800000000, Narrow klass shift: 0, Narrow klass range: 0x100000000

GC Precious Log:
 CardTable entry size: 512
 Card Set container configuration: InlinePtr #cards 5 size 8 Array Of Cards #cards 12 size 40 Howl #buckets 4 coarsen threshold 1843 Howl Bitmap #cards 512 size 80 coarsen threshold 460 Card regions per heap region 1 cards per card region 2048
 CPUs: 8 total, 8 available
 Memory: 8089M
 Large Page Support: Disabled
 NUMA Support: Disabled
 Compressed Oops: Enabled (32-bit)
 Heap Region Size: 1M
 Heap Min Capacity: 8M
 Heap Initial Capacity: 128M
 Heap Max Capacity: 2024M
 Pre-touch: Disabled
 Parallel Workers: 8
 Concurrent Workers: 2
 Concurrent Refinement Workers: 8
 Periodic GC: Disabled

Heap:
 garbage-first heap   total 48128K, used 27156K [0x0000000081800000, 0x0000000100000000)
  region size 1024K, 3 young (3072K), 1 survivors (1024K)
 Metaspace       used 63482K, committed 64064K, reserved 1114112K
  class space    used 8267K, committed 8576K, reserved 1048576K

Heap Regions: E=young(eden), S=young(survivor), O=old, HS=humongous(starts), HC=humongous(continues), CS=collection set, F=free, OA=open archive, CA=closed archive, TAMS=top-at-mark-start (previous, next)
|   0|0x0000000081800000, 0x0000000081900000, 0x0000000081900000|100%|HS|  |TAMS 0x0000000081900000, 0x0000000081800000| Complete 
|   1|0x0000000081900000, 0x0000000081a00000, 0x0000000081a00000|100%| O|  |TAMS 0x0000000081a00000, 0x0000000081900000| Untracked 
|   2|0x0000000081a00000, 0x0000000081b00000, 0x0000000081b00000|100%| O|  |TAMS 0x0000000081b00000, 0x0000000081a00000| Untracked 
|   3|0x0000000081b00000, 0x0000000081c00000, 0x0000000081c00000|100%| O|  |TAMS 0x0000000081c00000, 0x0000000081b00000| Untracked 
|   4|0x0000000081c00000, 0x0000000081d00000, 0x0000000081d00000|100%| O|  |TAMS 0x0000000081d00000, 0x0000000081c00000| Untracked 
|   5|0x0000000081d00000, 0x0000000081e00000, 0x0000000081e00000|100%| O|  |TAMS 0x0000000081e00000, 0x0000000081d00000| Untracked 
|   6|0x0000000081e00000, 0x0000000081f00000, 0x0000000081f00000|100%| O|  |TAMS 0x0000000081f00000, 0x0000000081e00000| Untracked 
|   7|0x0000000081f00000, 0x0000000082000000, 0x0000000082000000|100%| O|  |TAMS 0x0000000082000000, 0x0000000081f00000| Untracked 
|   8|0x0000000082000000, 0x0000000082100000, 0x0000000082100000|100%| O|  |TAMS 0x0000000082100000, 0x0000000082000000| Untracked 
|   9|0x0000000082100000, 0x0000000082200000, 0x0000000082200000|100%| O|  |TAMS 0x0000000082200000, 0x0000000082100000| Untracked 
|  10|0x0000000082200000, 0x0000000082300000, 0x0000000082300000|100%| O|  |TAMS 0x0000000082300000, 0x0000000082200000| Untracked 
|  11|0x0000000082300000, 0x0000000082400000, 0x0000000082400000|100%| O|  |TAMS 0x0000000082400000, 0x0000000082300000| Untracked 
|  12|0x0000000082400000, 0x0000000082500000, 0x0000000082500000|100%| O|  |TAMS 0x0000000082500000, 0x0000000082400000| Untracked 
|  13|0x0000000082500000, 0x0000000082600000, 0x0000000082600000|100%| O|  |TAMS 0x0000000082600000, 0x0000000082500000| Untracked 
|  14|0x0000000082600000, 0x0000000082700000, 0x0000000082700000|100%| O|  |TAMS 0x0000000082700000, 0x0000000082600000| Untracked 
|  15|0x0000000082700000, 0x0000000082800000, 0x0000000082800000|100%| O|  |TAMS 0x0000000082800000, 0x0000000082700000| Untracked 
|  16|0x0000000082800000, 0x0000000082900000, 0x0000000082900000|100%| O|  |TAMS 0x0000000082900000, 0x0000000082800000| Untracked 
|  17|0x0000000082900000, 0x0000000082a00000, 0x0000000082a00000|100%| O|  |TAMS 0x0000000082a00000, 0x0000000082900000| Untracked 
|  18|0x0000000082a00000, 0x0000000082b00000, 0x0000000082b00000|100%| O|  |TAMS 0x0000000082b00000, 0x0000000082a00000| Untracked 
|  19|0x0000000082b00000, 0x0000000082b00000, 0x0000000082c00000|  0%| F|  |TAMS 0x0000000082b00000, 0x0000000082b00000| Untracked 
|  20|0x0000000082c00000, 0x0000000082d00000, 0x0000000082d00000|100%| O|  |TAMS 0x0000000082d00000, 0x0000000082c00000| Untracked 
|  21|0x0000000082d00000, 0x0000000082e00000, 0x0000000082e00000|100%| O|  |TAMS 0x0000000082e00000, 0x0000000082d00000| Untracked 
|  22|0x0000000082e00000, 0x0000000082f00000, 0x0000000082f00000|100%| O|  |TAMS 0x0000000082e6c000, 0x0000000082e00000| Untracked 
|  23|0x0000000082f00000, 0x0000000083000000, 0x0000000083000000|100%| O|  |TAMS 0x0000000082f00000, 0x0000000082f00000| Untracked 
|  24|0x0000000083000000, 0x0000000083100000, 0x0000000083100000|100%| O|  |TAMS 0x0000000083000000, 0x0000000083000000| Untracked 
|  25|0x0000000083100000, 0x0000000083200000, 0x0000000083200000|100%| O|  |TAMS 0x0000000083100000, 0x0000000083100000| Untracked 
|  26|0x0000000083200000, 0x0000000083237c00, 0x0000000083300000| 21%| O|  |TAMS 0x0000000083200000, 0x0000000083200000| Untracked 
|  27|0x0000000083300000, 0x0000000083300000, 0x0000000083400000|  0%| F|  |TAMS 0x0000000083300000, 0x0000000083300000| Untracked 
|  28|0x0000000083400000, 0x0000000083400000, 0x0000000083500000|  0%| F|  |TAMS 0x0000000083400000, 0x0000000083400000| Untracked 
|  29|0x0000000083500000, 0x0000000083500000, 0x0000000083600000|  0%| F|  |TAMS 0x0000000083500000, 0x0000000083500000| Untracked 
|  30|0x0000000083600000, 0x0000000083600000, 0x0000000083700000|  0%| F|  |TAMS 0x0000000083600000, 0x0000000083600000| Untracked 
|  31|0x0000000083700000, 0x0000000083700000, 0x0000000083800000|  0%| F|  |TAMS 0x0000000083700000, 0x0000000083700000| Untracked 
|  32|0x0000000083800000, 0x0000000083800000, 0x0000000083900000|  0%| F|  |TAMS 0x0000000083800000, 0x0000000083800000| Untracked 
|  33|0x0000000083900000, 0x0000000083900000, 0x0000000083a00000|  0%| F|  |TAMS 0x0000000083900000, 0x0000000083900000| Untracked 
|  34|0x0000000083a00000, 0x0000000083a00000, 0x0000000083b00000|  0%| F|  |TAMS 0x0000000083a00000, 0x0000000083a00000| Untracked 
|  35|0x0000000083b00000, 0x0000000083b00000, 0x0000000083c00000|  0%| F|  |TAMS 0x0000000083b00000, 0x0000000083b00000| Untracked 
|  36|0x0000000083c00000, 0x0000000083c00000, 0x0000000083d00000|  0%| F|  |TAMS 0x0000000083c00000, 0x0000000083c00000| Untracked 
|  37|0x0000000083d00000, 0x0000000083d00000, 0x0000000083e00000|  0%| F|  |TAMS 0x0000000083d00000, 0x0000000083d00000| Untracked 
|  38|0x0000000083e00000, 0x0000000083e00000, 0x0000000083f00000|  0%| F|  |TAMS 0x0000000083e00000, 0x0000000083e00000| Untracked 
|  39|0x0000000083f00000, 0x0000000083f00000, 0x0000000084000000|  0%| F|  |TAMS 0x0000000083f00000, 0x0000000083f00000| Untracked 
|  79|0x0000000086700000, 0x0000000086700000, 0x0000000086800000|  0%| F|  |TAMS 0x0000000086700000, 0x0000000086700000| Untracked 
|  80|0x0000000086800000, 0x0000000086800000, 0x0000000086900000|  0%| F|  |TAMS 0x0000000086800000, 0x0000000086800000| Untracked 
|  81|0x0000000086900000, 0x0000000086900000, 0x0000000086a00000|  0%| F|  |TAMS 0x0000000086900000, 0x0000000086900000| Untracked 
|  82|0x0000000086a00000, 0x0000000086a00000, 0x0000000086b00000|  0%| F|  |TAMS 0x0000000086a00000, 0x0000000086a00000| Untracked 
|  83|0x0000000086b00000, 0x0000000086bc7380, 0x0000000086c00000| 77%| E|  |TAMS 0x0000000086b00000, 0x0000000086b00000| Complete 
|  84|0x0000000086c00000, 0x0000000086c4d460, 0x0000000086d00000| 30%| S|CS|TAMS 0x0000000086c00000, 0x0000000086c00000| Complete 
| 127|0x0000000089700000, 0x0000000089800000, 0x0000000089800000|100%| E|CS|TAMS 0x0000000089700000, 0x0000000089700000| Complete 

Card table byte_map: [0x00000211199d0000,0x0000021119dd0000] _byte_map_base: 0x00000211195c4000

Marking Bits (Prev, Next): (CMBitMap*) 0x000002110023cb90, (CMBitMap*) 0x000002110023cb50
 Prev Bits: [0x000002111c170000, 0x000002111e110000)
 Next Bits: [0x000002111a1d0000, 0x000002111c170000)

Polling page: 0x00000211002c0000

Metaspace:

Usage:
  Non-class:     53.92 MB used.
      Class:      8.07 MB used.
       Both:     61.99 MB used.

Virtual space:
  Non-class space:       64.00 MB reserved,      54.19 MB ( 85%) committed,  1 nodes.
      Class space:        1.00 GB reserved,       8.38 MB ( <1%) committed,  1 nodes.
             Both:        1.06 GB reserved,      62.56 MB (  6%) committed. 

Chunk freelists:
   Non-Class:  832.00 KB
       Class:  3.48 MB
        Both:  4.30 MB

MaxMetaspaceSize: unlimited
CompressedClassSpaceSize: 1.00 GB
Initial GC threshold: 21.00 MB
Current GC threshold: 98.75 MB
CDS: on
MetaspaceReclaimPolicy: balanced
 - commit_granule_bytes: 65536.
 - commit_granule_words: 8192.
 - virtual_space_node_default_size: 8388608.
 - enlarge_chunks_in_place: 1.
 - new_chunks_are_fully_committed: 0.
 - uncommit_free_chunks: 1.
 - use_allocation_guard: 0.


Internal statistics:

num_allocs_failed_limit: 12.
num_arena_births: 828.
num_arena_deaths: 4.
num_vsnodes_births: 2.
num_vsnodes_deaths: 0.
num_space_committed: 1001.
num_space_uncommitted: 0.
num_chunks_returned_to_freelist: 18.
num_chunks_taken_from_freelist: 2952.
num_chunk_merges: 13.
num_chunk_splits: 2179.
num_chunks_enlarged: 1777.
num_inconsistent_stats: 0.

CodeHeap 'non-profiled nmethods': size=120000Kb used=2872Kb max_used=3041Kb free=117128Kb
 bounds [0x0000021111d70000, 0x0000021112080000, 0x00000211192a0000]
CodeHeap 'profiled nmethods': size=120000Kb used=9067Kb max_used=10577Kb free=110932Kb
 bounds [0x000002110a2a0000, 0x000002110ad00000, 0x00000211117d0000]
CodeHeap 'non-nmethods': size=5760Kb used=1436Kb max_used=1487Kb free=4323Kb
 bounds [0x00000211117d0000, 0x0000021111a40000, 0x0000021111d70000]
 total_blobs=5385 nmethods=4695 adapters=600
 compilation: enabled
              stopped_count=0, restarted_count=0
 full_count=0

Compilation events (20 events):
Event: 113.949 Thread 0x0000021120b48a20 nmethod 5561 0x000002110a427610 code [0x000002110a4277a0, 0x000002110a427898]
Event: 113.949 Thread 0x0000021120b48a20 5562       1       org.apache.catalina.valves.ValveBase::getNext (5 bytes)
Event: 113.950 Thread 0x0000021120b48a20 nmethod 5562 0x0000021111de3b90 code [0x0000021111de3d20, 0x0000021111de3dd8]
Event: 114.353 Thread 0x0000021120b48a20 5563       3       java.nio.channels.spi.AbstractInterruptibleChannel::blockedOn (10 bytes)
Event: 114.354 Thread 0x0000021120b48a20 nmethod 5563 0x000002110a2afd10 code [0x000002110a2afec0, 0x000002110a2b00e8]
Event: 114.354 Thread 0x0000021120b48a20 5564       3       java.lang.System$2::blockedOn (5 bytes)
Event: 114.354 Thread 0x0000021120b48a20 nmethod 5564 0x000002110a560590 code [0x000002110a560740, 0x000002110a560888]
Event: 117.377 Thread 0x0000021120b48a20 5565       3       java.nio.channels.spi.AbstractSelector::isOpen (13 bytes)
Event: 117.377 Thread 0x0000021120b48a20 nmethod 5565 0x000002110a579c90 code [0x000002110a579e20, 0x000002110a579f98]
Event: 124.424 Thread 0x0000021120b48a20 5566   !   3       sun.nio.ch.SelectorImpl::processDeregisterQueue (145 bytes)
Event: 124.425 Thread 0x0000021120b48a20 nmethod 5566 0x000002110a4a2a90 code [0x000002110a4a2d20, 0x000002110a4a3d58]
Event: 124.708 Thread 0x0000021120b48a20 5567       3       java.util.concurrent.locks.AbstractQueuedSynchronizer$Node::setStatusRelaxed (12 bytes)
Event: 124.709 Thread 0x0000021120b48a20 nmethod 5567 0x000002110a5c6090 code [0x000002110a5c6220, 0x000002110a5c6338]
Event: 125.194 Thread 0x0000021120b48a20 5568   !   3       java.lang.Thread::sleep (103 bytes)
Event: 125.195 Thread 0x0000021120b48a20 nmethod 5568 0x000002110a520390 code [0x000002110a5205a0, 0x000002110a520c18]
Event: 125.195 Thread 0x0000021120b48a20 5569       3       jdk.internal.event.ThreadSleepEvent::isTurnedOn (7 bytes)
Event: 125.195 Thread 0x0000021120b48a20 nmethod 5569 0x000002110aa1d690 code [0x000002110aa1d840, 0x000002110aa1d998]
Event: 125.429 Thread 0x0000021120b48a20 5570       3       sun.nio.ch.SelectorImpl::ensureOpen (16 bytes)
Event: 125.429 Thread 0x0000021120b48a20 nmethod 5570 0x000002110a51fe90 code [0x000002110a520040, 0x000002110a5202c8]
Event: 126.443 Thread 0x0000021120b48a20 5571   !   3       org.apache.tomcat.util.net.NioEndpoint$Poller::events (266 bytes)

GC Heap History (20 events):
Event: 4.520 GC heap before
{Heap before GC invocations=7 (full 0):
 garbage-first heap   total 48128K, used 22665K [0x0000000081800000, 0x0000000100000000)
  region size 1024K, 9 young (9216K), 2 survivors (2048K)
 Metaspace       used 35548K, committed 35968K, reserved 1114112K
  class space    used 4247K, committed 4416K, reserved 1048576K
}
Event: 4.523 GC heap after
{Heap after GC invocations=8 (full 0):
 garbage-first heap   total 48128K, used 17589K [0x0000000081800000, 0x0000000100000000)
  region size 1024K, 3 young (3072K), 3 survivors (3072K)
 Metaspace       used 35548K, committed 35968K, reserved 1114112K
  class space    used 4247K, committed 4416K, reserved 1048576K
}
Event: 4.957 GC heap before
{Heap before GC invocations=9 (full 0):
 garbage-first heap   total 48128K, used 32949K [0x0000000081800000, 0x0000000100000000)
  region size 1024K, 18 young (18432K), 3 survivors (3072K)
 Metaspace       used 38931K, committed 39360K, reserved 1114112K
  class space    used 4749K, committed 4928K, reserved 1048576K
}
Event: 4.960 GC heap after
{Heap after GC invocations=10 (full 0):
 garbage-first heap   total 48128K, used 18808K [0x0000000081800000, 0x0000000100000000)
  region size 1024K, 3 young (3072K), 3 survivors (3072K)
 Metaspace       used 38931K, committed 39360K, reserved 1114112K
  class space    used 4749K, committed 4928K, reserved 1048576K
}
Event: 5.370 GC heap before
{Heap before GC invocations=10 (full 0):
 garbage-first heap   total 48128K, used 33144K [0x0000000081800000, 0x0000000100000000)
  region size 1024K, 18 young (18432K), 3 survivors (3072K)
 Metaspace       used 43683K, committed 44288K, reserved 1114112K
  class space    used 5420K, committed 5696K, reserved 1048576K
}
Event: 5.374 GC heap after
{Heap after GC invocations=11 (full 0):
 garbage-first heap   total 48128K, used 19560K [0x0000000081800000, 0x0000000100000000)
  region size 1024K, 2 young (2048K), 2 survivors (2048K)
 Metaspace       used 43683K, committed 44288K, reserved 1114112K
  class space    used 5420K, committed 5696K, reserved 1048576K
}
Event: 5.835 GC heap before
{Heap before GC invocations=11 (full 0):
 garbage-first heap   total 48128K, used 34920K [0x0000000081800000, 0x0000000100000000)
  region size 1024K, 18 young (18432K), 2 survivors (2048K)
 Metaspace       used 49332K, committed 49856K, reserved 1114112K
  class space    used 6287K, committed 6528K, reserved 1048576K
}
Event: 5.838 GC heap after
{Heap after GC invocations=12 (full 0):
 garbage-first heap   total 48128K, used 20635K [0x0000000081800000, 0x0000000100000000)
  region size 1024K, 2 young (2048K), 2 survivors (2048K)
 Metaspace       used 49332K, committed 49856K, reserved 1114112K
  class space    used 6287K, committed 6528K, reserved 1048576K
}
Event: 6.153 GC heap before
{Heap before GC invocations=12 (full 0):
 garbage-first heap   total 48128K, used 34971K [0x0000000081800000, 0x0000000100000000)
  region size 1024K, 17 young (17408K), 2 survivors (2048K)
 Metaspace       used 52953K, committed 53504K, reserved 1114112K
  class space    used 6781K, committed 7040K, reserved 1048576K
}
Event: 6.156 GC heap after
{Heap after GC invocations=13 (full 0):
 garbage-first heap   total 48128K, used 21690K [0x0000000081800000, 0x0000000100000000)
  region size 1024K, 3 young (3072K), 3 survivors (3072K)
 Metaspace       used 52953K, committed 53504K, reserved 1114112K
  class space    used 6781K, committed 7040K, reserved 1048576K
}
Event: 6.484 GC heap before
{Heap before GC invocations=13 (full 0):
 garbage-first heap   total 48128K, used 36026K [0x0000000081800000, 0x0000000100000000)
  region size 1024K, 17 young (17408K), 3 survivors (3072K)
 Metaspace       used 54926K, committed 55424K, reserved 1114112K
  class space    used 7059K, committed 7296K, reserved 1048576K
}
Event: 6.488 GC heap after
{Heap after GC invocations=14 (full 0):
 garbage-first heap   total 48128K, used 23140K [0x0000000081800000, 0x0000000100000000)
  region size 1024K, 3 young (3072K), 3 survivors (3072K)
 Metaspace       used 54926K, committed 55424K, reserved 1114112K
  class space    used 7059K, committed 7296K, reserved 1048576K
}
Event: 6.932 GC heap before
{Heap before GC invocations=14 (full 0):
 garbage-first heap   total 48128K, used 35428K [0x0000000081800000, 0x0000000100000000)
  region size 1024K, 16 young (16384K), 3 survivors (3072K)
 Metaspace       used 57607K, committed 58240K, reserved 1114112K
  class space    used 7364K, committed 7680K, reserved 1048576K
}
Event: 6.935 GC heap after
{Heap after GC invocations=15 (full 0):
 garbage-first heap   total 48128K, used 24414K [0x0000000081800000, 0x0000000100000000)
  region size 1024K, 2 young (2048K), 2 survivors (2048K)
 Metaspace       used 57607K, committed 58240K, reserved 1114112K
  class space    used 7364K, committed 7680K, reserved 1048576K
}
Event: 7.060 GC heap before
{Heap before GC invocations=15 (full 0):
 garbage-first heap   total 48128K, used 29534K [0x0000000081800000, 0x0000000100000000)
  region size 1024K, 9 young (9216K), 2 survivors (2048K)
 Metaspace       used 59736K, committed 60288K, reserved 1114112K
  class space    used 7711K, committed 8000K, reserved 1048576K
}
Event: 7.063 GC heap after
{Heap after GC invocations=16 (full 0):
 garbage-first heap   total 48128K, used 25129K [0x0000000081800000, 0x0000000100000000)
  region size 1024K, 1 young (1024K), 1 survivors (1024K)
 Metaspace       used 59736K, committed 60288K, reserved 1114112K
  class space    used 7711K, committed 8000K, reserved 1048576K
}
Event: 22.451 GC heap before
{Heap before GC invocations=17 (full 0):
 garbage-first heap   total 48128K, used 37417K [0x0000000081800000, 0x0000000100000000)
  region size 1024K, 14 young (14336K), 1 survivors (1024K)
 Metaspace       used 63337K, committed 63936K, reserved 1114112K
  class space    used 8257K, committed 8512K, reserved 1048576K
}
Event: 22.453 GC heap after
{Heap after GC invocations=18 (full 0):
 garbage-first heap   total 48128K, used 26209K [0x0000000081800000, 0x0000000100000000)
  region size 1024K, 2 young (2048K), 2 survivors (2048K)
 Metaspace       used 63337K, committed 63936K, reserved 1114112K
  class space    used 8257K, committed 8512K, reserved 1048576K
}
Event: 22.484 GC heap before
{Heap before GC invocations=18 (full 0):
 garbage-first heap   total 48128K, used 27233K [0x0000000081800000, 0x0000000100000000)
  region size 1024K, 3 young (3072K), 2 survivors (2048K)
 Metaspace       used 63419K, committed 64064K, reserved 1114112K
  class space    used 8266K, committed 8576K, reserved 1048576K
}
Event: 22.486 GC heap after
{Heap after GC invocations=19 (full 0):
 garbage-first heap   total 48128K, used 26132K [0x0000000081800000, 0x0000000100000000)
  region size 1024K, 1 young (1024K), 1 survivors (1024K)
 Metaspace       used 63419K, committed 64064K, reserved 1114112K
  class space    used 8266K, committed 8576K, reserved 1048576K
}

Dll operation events (14 events):
Event: 0.015 Loaded shared library C:\Program Files\Java\jdk-19\bin\java.dll
Event: 0.027 Loaded shared library C:\Program Files\Java\jdk-19\bin\jsvml.dll
Event: 0.121 Loaded shared library C:\Program Files\Java\jdk-19\bin\zip.dll
Event: 0.125 Loaded shared library C:\Program Files\Java\jdk-19\bin\instrument.dll
Event: 0.130 Loaded shared library C:\Program Files\Java\jdk-19\bin\net.dll
Event: 0.132 Loaded shared library C:\Program Files\Java\jdk-19\bin\nio.dll
Event: 0.135 Loaded shared library C:\Program Files\Java\jdk-19\bin\zip.dll
Event: 0.233 Loaded shared library C:\Program Files\JetBrains\IntelliJ IDEA Community Edition 2023.1.1\bin\breakgen64.dll
Event: 0.241 Loaded shared library C:\Program Files\Java\jdk-19\bin\extnet.dll
Event: 0.340 Loaded shared library C:\Program Files\Java\jdk-19\bin\jimage.dll
Event: 0.683 Loaded shared library C:\Program Files\Java\jdk-19\bin\management.dll
Event: 0.685 Loaded shared library C:\Program Files\Java\jdk-19\bin\management_ext.dll
Event: 1.301 Loaded shared library C:\Program Files\Java\jdk-19\bin\verify.dll
Event: 3.672 Loaded shared library C:\Program Files\Java\jdk-19\bin\sunmscapi.dll

Deoptimization events (20 events):
Event: 7.280 Thread 0x00000211279c9130 Uncommon trap: trap_request=0xffffffc6 fr.pc=0x0000021111e287d8 relative=0x0000000000000ff8
Event: 7.280 Thread 0x00000211279c9130 Uncommon trap: reason=bimorphic_or_optimized_type_check action=maybe_recompile pc=0x0000021111e287d8 method=java.util.concurrent.ConcurrentHashMap.putVal(Ljava/lang/Object;Ljava/lang/Object;Z)Ljava/lang/Object; @ 159 c2
Event: 7.280 Thread 0x00000211279c9130 DEOPT PACKING pc=0x0000021111e287d8 sp=0x000000c9fd2fc7d0
Event: 7.280 Thread 0x00000211279c9130 DEOPT UNPACKING pc=0x0000021111836da3 sp=0x000000c9fd2fc760 mode 2
Event: 7.280 Thread 0x00000211279c9130 Uncommon trap: trap_request=0xffffffc6 fr.pc=0x0000021111e287d8 relative=0x0000000000000ff8
Event: 7.280 Thread 0x00000211279c9130 Uncommon trap: reason=bimorphic_or_optimized_type_check action=maybe_recompile pc=0x0000021111e287d8 method=java.util.concurrent.ConcurrentHashMap.putVal(Ljava/lang/Object;Ljava/lang/Object;Z)Ljava/lang/Object; @ 159 c2
Event: 7.280 Thread 0x00000211279c9130 DEOPT PACKING pc=0x0000021111e287d8 sp=0x000000c9fd2fca40
Event: 7.280 Thread 0x00000211279c9130 DEOPT UNPACKING pc=0x0000021111836da3 sp=0x000000c9fd2fc9d0 mode 2
Event: 7.280 Thread 0x00000211279c9130 Uncommon trap: trap_request=0xffffffc6 fr.pc=0x0000021111e287d8 relative=0x0000000000000ff8
Event: 7.280 Thread 0x00000211279c9130 Uncommon trap: reason=bimorphic_or_optimized_type_check action=maybe_recompile pc=0x0000021111e287d8 method=java.util.concurrent.ConcurrentHashMap.putVal(Ljava/lang/Object;Ljava/lang/Object;Z)Ljava/lang/Object; @ 159 c2
Event: 7.280 Thread 0x00000211279c9130 DEOPT PACKING pc=0x0000021111e287d8 sp=0x000000c9fd2fca10
Event: 7.280 Thread 0x00000211279c9130 DEOPT UNPACKING pc=0x0000021111836da3 sp=0x000000c9fd2fc9a0 mode 2
Event: 7.280 Thread 0x00000211279c9130 Uncommon trap: trap_request=0xffffffc6 fr.pc=0x0000021111e287d8 relative=0x0000000000000ff8
Event: 7.280 Thread 0x00000211279c9130 Uncommon trap: reason=bimorphic_or_optimized_type_check action=maybe_recompile pc=0x0000021111e287d8 method=java.util.concurrent.ConcurrentHashMap.putVal(Ljava/lang/Object;Ljava/lang/Object;Z)Ljava/lang/Object; @ 159 c2
Event: 7.280 Thread 0x00000211279c9130 DEOPT PACKING pc=0x0000021111e287d8 sp=0x000000c9fd2fcc80
Event: 7.280 Thread 0x00000211279c9130 DEOPT UNPACKING pc=0x0000021111836da3 sp=0x000000c9fd2fcc10 mode 2
Event: 7.433 Thread 0x00000211279cc100 Uncommon trap: trap_request=0xffffff45 fr.pc=0x0000021111f9a848 relative=0x0000000000000208
Event: 7.433 Thread 0x00000211279cc100 Uncommon trap: reason=unstable_if action=reinterpret pc=0x0000021111f9a848 method=java.util.HashMap.getNode(Ljava/lang/Object;)Ljava/util/HashMap$Node; @ 66 c2
Event: 7.433 Thread 0x00000211279cc100 DEOPT PACKING pc=0x0000021111f9a848 sp=0x000000c9fd4fcad0
Event: 7.433 Thread 0x00000211279cc100 DEOPT UNPACKING pc=0x0000021111836da3 sp=0x000000c9fd4fca00 mode 2

Classes loaded (20 events):
Event: 7.309 Loading class java/util/stream/DoubleStream
Event: 7.310 Loading class java/util/stream/DoubleStream done
Event: 7.328 Loading class org/w3c/dom/Node
Event: 7.328 Loading class org/w3c/dom/Node done
Event: 7.328 Loading class org/w3c/dom/Document
Event: 7.328 Loading class org/w3c/dom/Document done
Event: 7.397 Loading class java/util/ArrayList$SubList$2
Event: 7.398 Loading class java/util/ArrayList$SubList$2 done
Event: 22.432 Loading class java/lang/invoke/WrongMethodTypeException
Event: 22.444 Loading class java/lang/invoke/WrongMethodTypeException done
Event: 22.454 Loading class jdk/internal/loader/BootLoader$PackageHelper
Event: 22.455 Loading class jdk/internal/loader/BootLoader$PackageHelper done
Event: 22.462 Loading class java/io/PrintWriter$1
Event: 22.462 Loading class jdk/internal/access/JavaIOPrintWriterAccess
Event: 22.462 Loading class jdk/internal/access/JavaIOPrintWriterAccess done
Event: 22.462 Loading class java/io/PrintWriter$1 done
Event: 22.462 Loading class java/lang/Throwable$WrappedPrintWriter
Event: 22.462 Loading class java/lang/Throwable$PrintStreamOrWriter
Event: 22.462 Loading class java/lang/Throwable$PrintStreamOrWriter done
Event: 22.462 Loading class java/lang/Throwable$WrappedPrintWriter done

Classes unloaded (2 events):
Event: 7.084 Thread 0x0000021120b16710 Unloading class 0x00000008016d4400 'jdk/internal/reflect/GeneratedSerializationConstructorAccessor2'
Event: 7.084 Thread 0x0000021120b16710 Unloading class 0x00000008016d4000 'jdk/internal/reflect/GeneratedSerializationConstructorAccessor1'

Classes redefined (0 events):
No events

Internal exceptions (20 events):
Event: 6.162 Thread 0x0000021124dc3c80 Implicit null exception at 0x000002111201e3e0 to 0x000002111201e600
Event: 6.181 Thread 0x0000021124dc3c80 Exception <a 'java/lang/NoSuchMethodError'{0x0000000086c1d6d8}: 'java.lang.Object java.lang.invoke.DirectMethodHandle$Holder.newInvokeSpecial(java.lang.Object, java.lang.Object, java.lang.Object, java.lang.Object, java.lang.Object, java.lang.Object, java.lang.Object, java.lang.Object)'> (0x0000000086c1d6d8) 
thrown [s\open\src\hotspot\share\interpreter\linkResolver.cpp, line 774]
Event: 6.326 Thread 0x0000021124dc3c80 Exception <a 'java/lang/NoSuchMethodError'{0x0000000083e3a378}: 'void java.lang.invoke.DirectMethodHandle$Holder.invokeVirtual(java.lang.Object, java.lang.Object, long)'> (0x0000000083e3a378) 
thrown [s\open\src\hotspot\share\interpreter\linkResolver.cpp, line 774]
Event: 6.474 Thread 0x0000021124dc3c80 Exception <a 'java/lang/IncompatibleClassChangeError'{0x000000008399a060}: Found class java.lang.Object, but interface was expected> (0x000000008399a060) 
thrown [s\open\src\hotspot\share\interpreter\linkResolver.cpp, line 841]
Event: 6.532 Thread 0x0000021124dc3c80 Exception <a 'java/lang/NoSuchMethodError'{0x0000000086c9e1e0}: 'int java.lang.invoke.DirectMethodHandle$Holder.invokeStaticInit(java.lang.Object, java.lang.Object, java.lang.Object, java.lang.Object)'> (0x0000000086c9e1e0) 
thrown [s\open\src\hotspot\share\interpreter\linkResolver.cpp, line 774]
Event: 6.571 Thread 0x0000021124dc3c80 Implicit null exception at 0x00000211120224c0 to 0x0000021112023e18
Event: 6.571 Thread 0x0000021124dc3c80 Implicit null exception at 0x0000021111e984e0 to 0x0000021111e986e4
Event: 6.671 Thread 0x0000021124dc3c80 Exception <a 'java/lang/NoSuchMethodError'{0x0000000086784808}: 'java.lang.Object java.lang.invoke.DirectMethodHandle$Holder.newInvokeSpecial(java.lang.Object, java.lang.Object, int, java.lang.Object, java.lang.Object)'> (0x0000000086784808) 
thrown [s\open\src\hotspot\share\interpreter\linkResolver.cpp, line 774]
Event: 6.672 Thread 0x0000021124dc3c80 Exception <a 'java/lang/NoSuchMethodError'{0x000000008678fe98}: 'java.lang.Object java.lang.invoke.DirectMethodHandle$Holder.invokeSpecial(java.lang.Object, java.lang.Object, int, java.lang.Object, int, java.lang.Object)'> (0x000000008678fe98) 
thrown [s\open\src\hotspot\share\interpreter\linkResolver.cpp, line 774]
Event: 6.672 Thread 0x0000021124dc3c80 Exception <a 'java/lang/NoSuchMethodError'{0x0000000086797f30}: 'java.lang.Object java.lang.invoke.DirectMethodHandle$Holder.newInvokeSpecial(java.lang.Object, java.lang.Object, int, java.lang.Object, int)'> (0x0000000086797f30) 
thrown [s\open\src\hotspot\share\interpreter\linkResolver.cpp, line 774]
Event: 6.673 Thread 0x0000021124dc3c80 Exception <a 'java/lang/NoSuchMethodError'{0x000000008679c2c8}: 'java.lang.Object java.lang.invoke.DirectMethodHandle$Holder.invokeSpecial(java.lang.Object, java.lang.Object, java.lang.Object, int, java.lang.Object, int)'> (0x000000008679c2c8) 
thrown [s\open\src\hotspot\share\interpreter\linkResolver.cpp, line 774]
Event: 6.725 Thread 0x000002110233ed40 Exception <a 'java/lang/NoSuchMethodError'{0x0000000083e6c0a0}: 'int java.lang.invoke.DirectMethodHandle$Holder.invokeSpecialIFC(java.lang.Object, java.lang.Object, java.lang.Object)'> (0x0000000083e6c0a0) 
thrown [s\open\src\hotspot\share\interpreter\linkResolver.cpp, line 774]
Event: 6.851 Thread 0x00000211279c9130 Exception <a 'java/lang/NoSuchMethodError'{0x0000000083c0a320}: 'java.lang.Object java.lang.invoke.DirectMethodHandle$Holder.invokeSpecial(java.lang.Object, java.lang.Object, java.lang.Object, java.lang.Object, java.lang.Object, long)'> (0x0000000083c0a320) 
thrown [s\open\src\hotspot\share\interpreter\linkResolver.cpp, line 774]
Event: 6.851 Thread 0x00000211279c9130 Exception <a 'java/lang/NoSuchMethodError'{0x0000000083c0dd70}: 'java.lang.Object java.lang.invoke.Invokers$Holder.linkToTargetMethod(java.lang.Object, java.lang.Object, java.lang.Object, long, java.lang.Object)'> (0x0000000083c0dd70) 
thrown [s\open\src\hotspot\share\interpreter\linkResolver.cpp, line 774]
Event: 6.973 Thread 0x00000211279c9130 Exception <a 'java/lang/NoSuchMethodError'{0x0000000086cafa00}: 'java.lang.Object java.lang.invoke.DirectMethodHandle$Holder.invokeInterface(java.lang.Object, java.lang.Object, java.lang.Object, java.lang.Object)'> (0x0000000086cafa00) 
thrown [s\open\src\hotspot\share\interpreter\linkResolver.cpp, line 774]
Event: 7.164 Thread 0x00000211279c9130 Exception <a 'java/lang/NoSuchMethodError'{0x0000000086a1b450}: 'int java.lang.invoke.DirectMethodHandle$Holder.invokeStatic(java.lang.Object)'> (0x0000000086a1b450) 
thrown [s\open\src\hotspot\share\interpreter\linkResolver.cpp, line 774]
Event: 7.227 Thread 0x00000211279c9130 Exception <a 'java/lang/IncompatibleClassChangeError'{0x00000000867be870}: Found class java.lang.Object, but interface was expected> (0x00000000867be870) 
thrown [s\open\src\hotspot\share\interpreter\linkResolver.cpp, line 841]
Event: 7.263 Thread 0x00000211279c9130 Exception <a 'java/lang/NoSuchMethodError'{0x0000000083eb2b60}: 'void java.lang.invoke.Invokers$Holder.invokeExact_MT(java.lang.Object, java.lang.Object, int, java.lang.Object)'> (0x0000000083eb2b60) 
thrown [s\open\src\hotspot\share\interpreter\linkResolver.cpp, line 774]
Event: 7.396 Thread 0x00000211279cc100 Exception <a 'java/lang/NoSuchMethodError'{0x0000000083b5b868}: 'java.lang.Object java.lang.invoke.DirectMethodHandle$Holder.invokeStatic(java.lang.Object, int, int)'> (0x0000000083b5b868) 
thrown [s\open\src\hotspot\share\interpreter\linkResolver.cpp, line 774]
Event: 18.547 Thread 0x00000211279cb110 Exception <a 'java/lang/NoSuchMethodError'{0x0000000083930cd8}: 'java.lang.Object java.lang.invoke.DirectMethodHandle$Holder.invokeVirtual(java.lang.Object, java.lang.Object, int)'> (0x0000000083930cd8) 
thrown [s\open\src\hotspot\share\interpreter\linkResolver.cpp, line 774]

VM Operations (20 events):
Event: 22.478 Executing VM operation: HandshakeAllThreads
Event: 22.478 Executing VM operation: HandshakeAllThreads done
Event: 22.483 Executing VM operation: G1CollectForAllocation
Event: 22.486 Executing VM operation: G1CollectForAllocation done
Event: 38.592 Executing VM operation: Cleanup
Event: 38.593 Executing VM operation: Cleanup done
Event: 52.700 Executing VM operation: Cleanup
Event: 52.701 Executing VM operation: Cleanup done
Event: 64.784 Executing VM operation: Cleanup
Event: 64.784 Executing VM operation: Cleanup done
Event: 65.794 Executing VM operation: Cleanup
Event: 65.794 Executing VM operation: Cleanup done
Event: 67.815 Executing VM operation: Cleanup
Event: 67.815 Executing VM operation: Cleanup done
Event: 71.841 Executing VM operation: Cleanup
Event: 71.841 Executing VM operation: Cleanup done
Event: 113.132 Executing VM operation: Cleanup
Event: 113.132 Executing VM operation: Cleanup done
Event: 122.187 Executing VM operation: Cleanup
Event: 122.188 Executing VM operation: Cleanup done

Events (20 events):
Event: 6.659 Thread 0x00000211279c8140 Thread added: 0x00000211279c8140
Event: 6.684 Thread 0x00000211279c9130 Thread added: 0x00000211279c9130
Event: 6.684 Thread 0x00000211279cc100 Thread added: 0x00000211279cc100
Event: 6.684 Thread 0x00000211279ca670 Thread added: 0x00000211279ca670
Event: 6.684 Thread 0x00000211279cb110 Thread added: 0x00000211279cb110
Event: 6.684 Thread 0x00000211279c9bd0 Thread added: 0x00000211279c9bd0
Event: 6.684 Thread 0x00000211279cb660 Thread added: 0x00000211279cb660
Event: 6.684 Thread 0x00000211279cabc0 Thread added: 0x00000211279cabc0
Event: 6.685 Thread 0x00000211279cc650 Thread added: 0x00000211279cc650
Event: 6.685 Thread 0x00000211279c6c00 Thread added: 0x00000211279c6c00
Event: 6.685 Thread 0x00000211279c7bf0 Thread added: 0x00000211279c7bf0
Event: 6.697 Thread 0x00000211279ca120 Thread added: 0x00000211279ca120
Event: 6.699 Thread 0x00000211279cd0f0 Thread added: 0x00000211279cd0f0
Event: 6.721 Thread 0x0000021124dc3c80 Thread exited: 0x0000021124dc3c80
Event: 6.725 Thread 0x0000021124dc1750 Thread exited: 0x0000021124dc1750
Event: 6.727 Thread 0x000002110233ed40 Thread exited: 0x000002110233ed40
Event: 6.727 Thread 0x00000211279ccba0 Thread added: 0x00000211279ccba0
Event: 7.668 Thread 0x00000211293eceb0 Thread exited: 0x00000211293eceb0
Event: 7.668 Thread 0x00000211294976f0 Thread exited: 0x00000211294976f0
Event: 9.905 Thread 0x00000211279c8690 Thread exited: 0x00000211279c8690


Dynamic libraries:
0x00007ff767d70000 - 0x00007ff767d80000 	C:\Program Files\Java\jdk-19\bin\java.exe
0x00007fff04690000 - 0x00007fff04888000 	C:\WINDOWS\SYSTEM32\ntdll.dll
0x00007fff028a0000 - 0x00007fff0295f000 	C:\WINDOWS\System32\KERNEL32.DLL
0x00007fff02120000 - 0x00007fff02416000 	C:\WINDOWS\System32\KERNELBASE.dll
0x00007fff02450000 - 0x00007fff02550000 	C:\WINDOWS\System32\ucrtbase.dll
0x00007ffefccc0000 - 0x00007ffefccdb000 	C:\Program Files\Java\jdk-19\bin\VCRUNTIME140.dll
0x00007ffefc4d0000 - 0x00007ffefc4e8000 	C:\Program Files\Java\jdk-19\bin\jli.dll
0x00007fff02cd0000 - 0x00007fff02d7f000 	C:\WINDOWS\System32\ADVAPI32.dll
0x00007fff03000000 - 0x00007fff0309e000 	C:\WINDOWS\System32\msvcrt.dll
0x00007fff04470000 - 0x00007fff0450c000 	C:\WINDOWS\System32\sechost.dll
0x00007fff03750000 - 0x00007fff03876000 	C:\WINDOWS\System32\RPCRT4.dll
0x00007fff03100000 - 0x00007fff0329d000 	C:\WINDOWS\System32\USER32.dll
0x00007fff02550000 - 0x00007fff02572000 	C:\WINDOWS\System32\win32u.dll
0x00007ffeeccd0000 - 0x00007ffeecf6a000 	C:\WINDOWS\WinSxS\amd64_microsoft.windows.common-controls_6595b64144ccf1df_6.0.19041.1110_none_60b5254171f9507e\COMCTL32.dll
0x00007fff03880000 - 0x00007fff038ac000 	C:\WINDOWS\System32\GDI32.dll
0x00007fff02000000 - 0x00007fff02115000 	C:\WINDOWS\System32\gdi32full.dll
0x00007fff01e00000 - 0x00007fff01e9d000 	C:\WINDOWS\System32\msvcp_win.dll
0x00007ffefb7e0000 - 0x00007ffefb7ea000 	C:\WINDOWS\SYSTEM32\VERSION.dll
0x00007fff02ea0000 - 0x00007fff02ed0000 	C:\WINDOWS\System32\IMM32.DLL
0x00007ffefe120000 - 0x00007ffefe12c000 	C:\Program Files\Java\jdk-19\bin\vcruntime140_1.dll
0x00007ffef0650000 - 0x00007ffef06de000 	C:\Program Files\Java\jdk-19\bin\msvcp140.dll
0x00007ffeb2a40000 - 0x00007ffeb3700000 	C:\Program Files\Java\jdk-19\bin\server\jvm.dll
0x00007ffeecaf0000 - 0x00007ffeecb17000 	C:\WINDOWS\SYSTEM32\WINMM.dll
0x00007ffeec350000 - 0x00007ffeec359000 	C:\WINDOWS\SYSTEM32\WSOCK32.dll
0x00007fff03600000 - 0x00007fff0366b000 	C:\WINDOWS\System32\WS2_32.dll
0x00007fff005d0000 - 0x00007fff005e2000 	C:\WINDOWS\SYSTEM32\kernel.appcore.dll
0x00007ffefe040000 - 0x00007ffefe04a000 	C:\Program Files\Java\jdk-19\bin\jimage.dll
0x00007ffeffae0000 - 0x00007ffeffcc4000 	C:\WINDOWS\SYSTEM32\DBGHELP.DLL
0x00007ffeeb7d0000 - 0x00007ffeeb804000 	C:\WINDOWS\SYSTEM32\dbgcore.DLL
0x00007fff01d70000 - 0x00007fff01df2000 	C:\WINDOWS\System32\bcryptPrimitives.dll
0x00007ffefee70000 - 0x00007ffefee7e000 	C:\Program Files\Java\jdk-19\bin\instrument.dll
0x00007ffefa0b0000 - 0x00007ffefa0d6000 	C:\Program Files\Java\jdk-19\bin\java.dll
0x00007ffec5400000 - 0x00007ffec54d7000 	C:\Program Files\Java\jdk-19\bin\jsvml.dll
0x00007fff03d20000 - 0x00007fff04464000 	C:\WINDOWS\System32\SHELL32.dll
0x00007ffeffdd0000 - 0x00007fff00563000 	C:\WINDOWS\SYSTEM32\windows.storage.dll
0x00007fff032a0000 - 0x00007fff035f4000 	C:\WINDOWS\System32\combase.dll
0x00007fff016f0000 - 0x00007fff0171e000 	C:\WINDOWS\SYSTEM32\Wldp.dll
0x00007fff045a0000 - 0x00007fff0464d000 	C:\WINDOWS\System32\SHCORE.dll
0x00007fff02c70000 - 0x00007fff02cc5000 	C:\WINDOWS\System32\shlwapi.dll
0x00007fff01cb0000 - 0x00007fff01ccf000 	C:\WINDOWS\SYSTEM32\profapi.dll
0x00007ffefa090000 - 0x00007ffefa0a8000 	C:\Program Files\Java\jdk-19\bin\zip.dll
0x00007ffefc4b0000 - 0x00007ffefc4c3000 	C:\Program Files\Java\jdk-19\bin\net.dll
0x00007ffef9aa0000 - 0x00007ffef9baa000 	C:\WINDOWS\SYSTEM32\WINHTTP.dll
0x00007fff014d0000 - 0x00007fff0153a000 	C:\WINDOWS\system32\mswsock.dll
0x00007ffefc000000 - 0x00007ffefc016000 	C:\Program Files\Java\jdk-19\bin\nio.dll
0x00007ffefcd40000 - 0x00007ffefcd5a000 	C:\Program Files\JetBrains\IntelliJ IDEA Community Edition 2023.1.1\bin\breakgen64.dll
0x00007ffef9eb0000 - 0x00007ffef9eb8000 	C:\Program Files\Java\jdk-19\bin\extnet.dll
0x00007ffefebf0000 - 0x00007ffefebfa000 	C:\Program Files\Java\jdk-19\bin\management.dll
0x00007ffefebe0000 - 0x00007ffefebeb000 	C:\Program Files\Java\jdk-19\bin\management_ext.dll
0x00007fff02c60000 - 0x00007fff02c68000 	C:\WINDOWS\System32\PSAPI.DLL
0x00007ffefc940000 - 0x00007ffefc950000 	C:\Program Files\Java\jdk-19\bin\verify.dll
0x00007fff01730000 - 0x00007fff01748000 	C:\WINDOWS\SYSTEM32\CRYPTSP.dll
0x00007fff00da0000 - 0x00007fff00dd4000 	C:\WINDOWS\system32\rsaenh.dll
0x00007fff02420000 - 0x00007fff02447000 	C:\WINDOWS\System32\bcrypt.dll
0x00007fff01c30000 - 0x00007fff01c5e000 	C:\WINDOWS\SYSTEM32\USERENV.dll
0x00007fff01660000 - 0x00007fff0166c000 	C:\WINDOWS\SYSTEM32\CRYPTBASE.dll
0x00007fff01190000 - 0x00007fff011cc000 	C:\WINDOWS\SYSTEM32\IPHLPAPI.DLL
0x00007fff04590000 - 0x00007fff04598000 	C:\WINDOWS\System32\NSI.dll
0x00007ffefb1a0000 - 0x00007ffefb1b7000 	C:\WINDOWS\SYSTEM32\dhcpcsvc6.DLL
0x00007ffefb180000 - 0x00007ffefb19d000 	C:\WINDOWS\SYSTEM32\dhcpcsvc.DLL
0x00007fff011d0000 - 0x00007fff0129b000 	C:\WINDOWS\SYSTEM32\DNSAPI.dll
0x00007ffefe430000 - 0x00007ffefe43e000 	C:\Program Files\Java\jdk-19\bin\sunmscapi.dll
0x00007fff01ea0000 - 0x00007fff01ffe000 	C:\WINDOWS\System32\CRYPT32.dll
0x00007fff01840000 - 0x00007fff01868000 	C:\WINDOWS\SYSTEM32\ncrypt.dll
0x00007fff01800000 - 0x00007fff0183b000 	C:\WINDOWS\SYSTEM32\NTASN1.dll
0x00007ffef8f70000 - 0x00007ffef8f7a000 	C:\Windows\System32\rasadhlp.dll
0x00007ffef9900000 - 0x00007ffef9982000 	C:\WINDOWS\System32\fwpuclnt.dll
0x00007ffeed760000 - 0x00007ffeed767000 	C:\WINDOWS\system32\wshunix.dll

dbghelp: loaded successfully - version: 4.0.5 - missing functions: none
symbol engine: initialized successfully - sym options: 0x614 - pdb path: .;C:\Program Files\Java\jdk-19\bin;C:\WINDOWS\SYSTEM32;C:\WINDOWS\WinSxS\amd64_microsoft.windows.common-controls_6595b64144ccf1df_6.0.19041.1110_none_60b5254171f9507e;C:\Program Files\Java\jdk-19\bin\server;C:\Program Files\JetBrains\IntelliJ IDEA Community Edition 2023.1.1\bin

VM Arguments:
jvm_args: -javaagent:C:\Program Files\JetBrains\IntelliJ IDEA Community Edition 2023.1.1\lib\idea_rt.jar=59153:C:\Program Files\JetBrains\IntelliJ IDEA Community Edition 2023.1.1\bin -Dfile.encoding=UTF-8 -Dsun.stdout.encoding=UTF-8 -Dsun.stderr.encoding=UTF-8 
java_command: com.project.springboot.cruddemo.CruddemoApplication
java_class_path (initial): D:\Course\project\spring-boot-rest-crud-employee\target\classes;C:\Users\Mohamed Omara\.m2\repository\org\springframework\boot\spring-boot-starter-data-jpa\3.0.6\spring-boot-starter-data-jpa-3.0.6.jar;C:\Users\Mohamed Omara\.m2\repository\org\springframework\boot\spring-boot-starter-aop\3.0.6\spring-boot-starter-aop-3.0.6.jar;C:\Users\Mohamed Omara\.m2\repository\org\springframework\spring-aop\6.0.8\spring-aop-6.0.8.jar;C:\Users\Mohamed Omara\.m2\repository\org\aspectj\aspectjweaver\1.9.19\aspectjweaver-1.9.19.jar;C:\Users\Mohamed Omara\.m2\repository\org\springframework\boot\spring-boot-starter-jdbc\3.0.6\spring-boot-starter-jdbc-3.0.6.jar;C:\Users\Mohamed Omara\.m2\repository\com\zaxxer\HikariCP\5.0.1\HikariCP-5.0.1.jar;C:\Users\Mohamed Omara\.m2\repository\org\springframework\spring-jdbc\6.0.8\spring-jdbc-6.0.8.jar;C:\Users\Mohamed Omara\.m2\repository\org\hibernate\orm\hibernate-core\6.1.7.Final\hibernate-core-6.1.7.Final.jar;C:\Users\Mohamed Omara\.m2\repository\jakarta\persistence\jakarta.persistence-api\3.1.0\jakarta.persistence-api-3.1.0.jar;C:\Users\Mohamed Omara\.m2\repository\jakarta\transaction\jakarta.transaction-api\2.0.1\jakarta.transaction-api-2.0.1.jar;C:\Users\Mohamed Omara\.m2\repository\org\jboss\logging\jboss-logging\3.5.0.Final\jboss-logging-3.5.0.Final.jar;C:\Users\Mohamed Omara\.m2\repository\org\hibernate\common\hibernate-commons-annotations\6.0.6.Final\hibernate-commons-annotations-6.0.6.Final.jar;C:\Users\Mohamed Omara\.m2\repository\org\jboss\jandex\2.4.2.Final\jandex-2.4.2.Final.jar;C:\Users\Mohamed Omara\.m2\repository\com\fasterxml\classmate\1.5.1\classmate-1.5.1.jar;C:\Users\Mohamed Omara\.m2\repository\net\bytebuddy\byte-buddy\1.12.23\byte-buddy-1.12.23.jar;C:\Users\Mohamed Omara\.m2\repository\org\glassfish\jaxb\jaxb-runtime\4.0.2\jaxb-runtime-4.0.2.jar;C:\Users\Mohamed Omara\.m2\repository\org\glassfish\jaxb\jaxb-core\4.0.2\jaxb-core-4.0.2.jar;C:\Users\Mohamed Omara\.m2\repository\org\eclipse\angus\angus-activation\2.0.0\angus-activation-2.0.0.jar;C:\Users\Mohamed Omara\.m2\repository\org\glassfish\jaxb\txw2\4.0.2\txw2-4.0.2.jar;C:\Users\Mohamed Omara\.m2\repository\com\sun\istack\istack-commons-runtime\4.1.1\istack-commons-runtime-4.1.1.jar;C:\Users\Mohamed Omara\.m2\repository\jakarta\inject\jakarta.inject-api\2.0.0\jakarta.inject-api-2.0.0.jar;C:\Users\Mohamed Omara\.m2\repository\org\antlr\antlr4-runtime\4.10.1\antlr4-runtime-4.10.1.jar;C:\Users\Mohamed Omara\.m2\repository\org\springframework\data\spring-data-jpa\3.0.5\spring-data-jpa-3.0.5.jar;C:\Users\Mohamed Omara\.m2\repository\org\springframework\data\spring-data-commons\3.0.5\spring-data-commons-3.0.5.jar;C:\Users\Mohamed Omara\.m2\repository\org\springframework\spring-orm\6.0.8\spring-orm-6.0.8.jar;C:\Users\Mohamed Omara\.m2\repository\org\springframework\spring-context\6.0.8\spring-context-6.0.8.jar;C:\Users\Mohamed Omara\.m2\repository\org\springframework\spring-tx\6.0.8\spring-tx-6.0.8.jar;C:\Users\Mohamed Omara\.m2\repository\org\springframework\spring-beans\6.0.8\spring-beans-6.0.8.jar;C:\Users\Mohamed Omara\.m2\repository\jakarta\annotation\jakarta.annotation-api\2.1.1\jakarta.annotation-api-2.1.1.jar;C:\Users\Mohamed Omara\.m2\repository\org\slf4j\slf4j-api\2.0.7\slf4j-api-2.0.7.jar;C:\Users\Mohamed Omara\.m2\repository\org\springframework\spring-aspects\6.0.8\spring-aspects-6.0.8.jar;C:\Users\Mohamed Omara\.m2\repository\org\springframework\boot\spring-boot-starter-web\3.0.6\spring-boot-starter-web-3.0.6.jar;C:\Users\Mohamed Omara\.m2\repository\org\springframework\boot\spring-boot-starter\3.0.6\spring-boot-starter-3.0.6.jar;C:\Users\Mohamed Omara\.m2\repository\org\springframework\boot\spring-boot-starter-logging\3.0.6\spring-boot-starter-logging-3.0.6.jar;C:\Users\Mohamed Omara\.m2\repository\ch\qos\logback\logback-classic\1.4.7\logback-classic-1.4.7.jar;C:\Users\Mohamed Omara\.m2\repository\ch\qos\logback\logback-core\1.4.7\logback-core-1.4.7.jar;C:\Users\Mohamed Omara\.m2\repository\org\apache\logging\log4j\log4j-to-slf4j\2.19.0\log4j-to-slf4j-2.19.0.jar;C:\Users\Mohamed Omara\.m2\repository\org\apache\logging\log4j\log4j-api\2.19.0\log4j-api-2.19.0.jar;C:\Users\Mohamed Omara\.m2\repository\org\slf4j\jul-to-slf4j\2.0.7\jul-to-slf4j-2.0.7.jar;C:\Users\Mohamed Omara\.m2\repository\org\yaml\snakeyaml\1.33\snakeyaml-1.33.jar;C:\Users\Mohamed Omara\.m2\repository\org\springframework\boot\spring-boot-starter-json\3.0.6\spring-boot-starter-json-3.0.6.jar;C:\Users\Mohamed Omara\.m2\repository\com\fasterxml\jackson\core\jackson-databind\2.14.2\jackson-databind-2.14.2.jar;C:\Users\Mohamed Omara\.m2\repository\com\fasterxml\jackson\core\jackson-annotations\2.14.2\jackson-annotations-2.14.2.jar;C:\Users\Mohamed Omara\.m2\repository\com\fasterxml\jackson\core\jackson-core\2.14.2\jackson-core-2.14.2.jar;C:\Users\Mohamed Omara\.m2\repository\com\fasterxml\jackson\datatype\jackson-datatype-jdk8\2.14.2\jackson-datatype-jdk8-2.14.2.jar;C:\Users\Mohamed Omara\.m2\repository\com\fasterxml\jackson\datatype\jackson-datatype-jsr310\2.14.2\jackson-datatype-jsr310-2.14.2.jar;C:\Users\Mohamed Omara\.m2\repository\com\fasterxml\jackson\module\jackson-module-parameter-names\2.14.2\jackson-module-parameter-names-2.14.2.jar;C:\Users\Mohamed Omara\.m2\repository\org\springframework\boot\spring-boot-starter-tomcat\3.0.6\spring-boot-starter-tomcat-3.0.6.jar;C:\Users\Mohamed Omara\.m2\repository\org\apache\tomcat\embed\tomcat-embed-core\10.1.8\tomcat-embed-core-10.1.8.jar;C:\Users\Mohamed Omara\.m2\repository\org\apache\tomcat\embed\tomcat-embed-el\10.1.8\tomcat-embed-el-10.1.8.jar;C:\Users\Mohamed Omara\.m2\repository\org\apache\tomcat\embed\tomcat-embed-websocket\10.1.8\tomcat-embed-websocket-10.1.8.jar;C:\Users\Mohamed Omara\.m2\repository\org\springframework\spring-web\6.0.8\spring-web-6.0.8.jar;C:\Users\Mohamed Omara\.m2\repository\io\micrometer\micrometer-observation\1.10.6\micrometer-observation-1.10.6.jar;C:\Users\Mohamed Omara\.m2\repository\io\micrometer\micrometer-commons\1.10.6\micrometer-commons-1.10.6.jar;C:\Users\Mohamed Omara\.m2\repository\org\springframework\spring-webmvc\6.0.8\spring-webmvc-6.0.8.jar;C:\Users\Mohamed Omara\.m2\repository\org\springframework\spring-expression\6.0.8\spring-expression-6.0.8.jar;C:\Users\Mohamed Omara\.m2\repository\org\springframework\boot\spring-boot-devtools\3.0.6\spring-boot-devtools-3.0.6.jar;C:\Users\Mohamed Omara\.m2\repository\org\springframework\boot\spring-boot\3.0.6\spring-boot-3.0.6.jar;C:\Users\Mohamed Omara\.m2\repository\org\springframework\boot\spring-boot-autoconfigure\3.0.6\spring-boot-autoconfigure-3.0.6.jar;C:\Users\Mohamed Omara\.m2\repository\com\mysql\mysql-connector-j\8.0.33\mysql-connector-j-8.0.33.jar;C:\Users\Mohamed Omara\.m2\repository\jakarta\xml\bind\jakarta.xml.bind-api\4.0.0\jakarta.xml.bind-api-4.0.0.jar;C:\Users\Mohamed Omara\.m2\repository\jakarta\activation\jakarta.activation-api\2.1.1\jakarta.activation-api-2.1.1.jar;C:\Users\Mohamed Omara\.m2\repository\org\springframework\spring-core\6.0.8\spring-core-6.0.8.jar;C:\Users\Mohamed Omara\.m2\repository\org\springframework\spring-jcl\6.0.8\spring-jcl-6.0.8.jar
Launcher Type: SUN_STANDARD

[Global flags]
     intx CICompilerCount                          = 4                                         {product} {ergonomic}
     uint ConcGCThreads                            = 2                                         {product} {ergonomic}
     uint G1ConcRefinementThreads                  = 8                                         {product} {ergonomic}
   size_t G1HeapRegionSize                         = 1048576                                   {product} {ergonomic}
    uintx GCDrainStackTargetSize                   = 64                                        {product} {ergonomic}
   size_t InitialHeapSize                          = 134217728                                 {product} {ergonomic}
   size_t MarkStackSize                            = 4194304                                   {product} {ergonomic}
   size_t MaxHeapSize                              = 2122317824                                {product} {ergonomic}
   size_t MaxNewSize                               = 1272971264                                {product} {ergonomic}
   size_t MinHeapDeltaBytes                        = 1048576                                   {product} {ergonomic}
   size_t MinHeapSize                              = 8388608                                   {product} {ergonomic}
    uintx NonNMethodCodeHeapSize                   = 5839372                                {pd product} {ergonomic}
    uintx NonProfiledCodeHeapSize                  = 122909434                              {pd product} {ergonomic}
    uintx ProfiledCodeHeapSize                     = 122909434                              {pd product} {ergonomic}
    uintx ReservedCodeCacheSize                    = 251658240                              {pd product} {ergonomic}
     bool SegmentedCodeCache                       = true                                      {product} {ergonomic}
   size_t SoftMaxHeapSize                          = 2122317824                             {manageable} {ergonomic}
     bool UseCompressedClassPointers               = true                           {product lp64_product} {ergonomic}
     bool UseCompressedOops                        = true                           {product lp64_product} {ergonomic}
     bool UseG1GC                                  = true                                      {product} {ergonomic}
     bool UseLargePagesIndividualAllocation        = false                                  {pd product} {ergonomic}

Logging:
Log output configuration:
 #0: stdout all=warning uptime,level,tags foldmultilines=false
 #1: stderr all=off uptime,level,tags foldmultilines=false

Environment Variables:
JAVA_HOME=C:\Program Files\Java\jdk-17
PATH=D:\dbOracle\db_home\bin;C:\Program Files\Common Files\Oracle\Java\javapath;C:\WINDOWS\system32;C:\WINDOWS;C:\WINDOWS\System32\Wbem;C:\WINDOWS\System32\WindowsPowerShell\v1.0\;C:\WINDOWS\System32\OpenSSH\;C:\Program Files (x86)\Brackets\command;C:\Program Files\Git\cmd;C:\Program Files\nodejs\;E:\FCI\4rd term 2 CS\apache-maven-3.8.5\bin;C:\ProgramData\DockerDesktop\version-bin;C:\Program Files\dotnet\;C:\Program Files\MongoDB\Server\6.0\bin;C:\Program Files\Java\jdk-17\bin;C:\Program Files (x86)\Microsoft SQL Server\160\Tools\Binn\;C:\Program Files\Microsoft SQL Server\160\Tools\Binn\;C:\Program Files\Microsoft SQL Server\Client SDK\ODBC\170\Tools\Binn\;C:\Program Files\Microsoft SQL Server\160\DTS\Binn\;C:\Program Files (x86)\Microsoft SQL Server\160\DTS\Binn\;C:\Program Files\Azure Data Studio\bin;C:\Program Files\apache-maven-3.9.1\bin;C:\Program Files\MySQL\MySQL Shell 8.0\bin\;C:\Program Files\Common Files\Oracle\Java\javapath;C:\Program Files (x86)\Common Files\Oracle\Java\javapath;C:\WINDOWS\system32;C:\WINDOWS;C:\WINDOWS\System32\Wbem;C:\WINDOWS\System32\WindowsPowerShell\v1.0\;C:\WINDOWS\System32\OpenSSH\;C:\Program Files (x86)\Brackets\command;C:\Program Files\Docker\Docker\resources\bin;C:\ProgramData\DockerDesktop\version-bin;C:\Program Files\Git\cmd;C:\Program Files\nodejs\;E:\FCI\4rd term 2 CS\apache-maven-3.8.5\bin;C:\Program Files\Java\jdk-17\bin;C:\Users\Mohamed Omara\AppData\Local\Microsoft\WindowsApps;C:\Users\Mohamed Omara\AppData\Roaming\npm;C:\Users\Mohamed Omara\AppData\Local\Programs\Microsoft VS Code\bin;C:\Program Files\heroku\bin;C:\Python39\Scripts;C:\Users\Mohamed Omara\.dotnet\tools;C:\Users\Mohamed Omara\AppData\Local\Programs\mongosh\;C:\Users\Mohamed Omara\AppData\Local\Microsoft\WindowsApps;;C:\Program Files\Azure Data Studio\bin;C:\Program Files\JetBrains\IntelliJ IDEA Community Edition 2023.1.1\bin;
USERNAME=Mohamed Omara
OS=Windows_NT
PROCESSOR_IDENTIFIER=Intel64 Family 6 Model 142 Stepping 10, GenuineIntel
TMP=C:\Users\MOHAME~1\AppData\Local\Temp
TEMP=C:\Users\MOHAME~1\AppData\Local\Temp



---------------  S Y S T E M  ---------------

OS:
 Windows 10 , 64 bit Build 19041 (10.0.19041.2913)
OS uptime: 4 days 10:34 hours
Hyper-V role detected

CPU: total 8 (initial active 8) (4 cores per cpu, 2 threads per core) family 6 model 142 stepping 10 microcode 0xf0, cx8, cmov, fxsr, ht, mmx, 3dnowpref, sse, sse2, sse3, ssse3, sse4.1, sse4.2, popcnt, lzcnt, tsc, tscinvbit, avx, avx2, aes, erms, clmul, bmi1, bmi2, adx, fma, vzeroupper, clflush, clflushopt, hv, rdtscp

Memory: 4k page, system-wide physical 8089M (1094M free)
TotalPageFile size 10137M (AvailPageFile size 2M)
current process WorkingSet (physical memory assigned to process): 199M, peak: 230M
current process commit charge ("private bytes"): 236M, peak: 289M

vm_info: Java HotSpot(TM) 64-Bit Server VM (19.0.1+10-21) for windows-amd64 JRE (19.0.1+10-21), built on 2022-09-14T12:45:06Z by "mach5one" with MS VC++ 17.1 (VS2022)

END.
