#
# There is insufficient memory for the Java Runtime Environment to continue.
# Native memory allocation (malloc) failed to allocate 186928 bytes for Chunk::new
# Possible reasons:
#   The system is out of physical RAM or swap space
#   The process is running with CompressedOops enabled, and the Java Heap may be blocking the growth of the native heap
# Possible solutions:
#   Reduce memory load on the system
#   Increase physical memory or swap space
#   Check if swap backing store is full
#   Decrease Java heap size (-Xmx/-Xms)
#   Decrease number of Java threads
#   Decrease Java thread stack sizes (-Xss)
#   Set larger code cache with -XX:ReservedCodeCacheSize=
#   JVM is running with Unscaled Compressed Oops mode in which the Java heap is
#     placed in the first 4GB address space. The Java Heap base address is the
#     maximum limit for the native heap growth. Please use -XX:HeapBaseMinAddress
#     to set the Java Heap base and to place the Java Heap above 4GB virtual address.
# This output file may be truncated or incomplete.
#
#  Out of Memory Error (arena.cpp:184), pid=10372, tid=12512
#
# JRE version: Java(TM) SE Runtime Environment (19.0.1+10) (build 19.0.1+10-21)
# Java VM: Java HotSpot(TM) 64-Bit Server VM (19.0.1+10-21, mixed mode, sharing, tiered, compressed oops, compressed class ptrs, g1 gc, windows-amd64)
# No core dump will be written. Minidumps are not enabled by default on client versions of Windows
#

---------------  S U M M A R Y ------------

Command Line: -javaagent:C:\Program Files\JetBrains\IntelliJ IDEA Community Edition 2023.1.1\lib\idea_rt.jar=63625:C:\Program Files\JetBrains\IntelliJ IDEA Community Edition 2023.1.1\bin -Dfile.encoding=UTF-8 -Dsun.stdout.encoding=UTF-8 -Dsun.stderr.encoding=UTF-8 com.project.springboot.cruddemo.CruddemoApplication

Host: Intel(R) Core(TM) i7-8550U CPU @ 1.80GHz, 8 cores, 7G,  Windows 10 , 64 bit Build 19041 (10.0.19041.2913)
Time: Sun May 14 19:30:45 2023 Egypt Daylight Time elapsed time: 1.614295 seconds (0d 0h 0m 1s)

---------------  T H R E A D  ---------------

Current thread (0x00000180e0e7bdc0):  JavaThread "C2 CompilerThread1" daemon [_thread_in_native, id=12512, stack(0x0000004957900000,0x0000004957a00000)]


Current CompileTask:
C2:   1614 2119       4       java.util.Properties$LineReader::readLine (584 bytes)

Stack: [0x0000004957900000,0x0000004957a00000]
Native frames: (J=compiled Java code, j=interpreted, Vv=VM code, C=native code)
V  [jvm.dll+0x6ee8fa]
V  [jvm.dll+0x857a1e]
V  [jvm.dll+0x85940e]
V  [jvm.dll+0x859ac3]
V  [jvm.dll+0x28291f]
V  [jvm.dll+0xc9b5f]
V  [jvm.dll+0xc9ee5]
V  [jvm.dll+0x3bcbac]
V  [jvm.dll+0x1ee31a]
V  [jvm.dll+0x24c41b]
V  [jvm.dll+0x24b671]
V  [jvm.dll+0x1d6d61]
V  [jvm.dll+0x25b0fa]
V  [jvm.dll+0x259588]
V  [jvm.dll+0x807928]
V  [jvm.dll+0x8015fa]
V  [jvm.dll+0x6ed5eb]
C  [ucrtbase.dll+0x21bb2]
C  [KERNEL32.DLL+0x17614]
C  [ntdll.dll+0x526a1]


---------------  P R O C E S S  ---------------

Threads class SMR info:
_java_thread_list=0x00000180e1f47fd0, length=17, elements={
0x00000180be24f270, 0x00000180dca5f8e0, 0x00000180dca606d0, 0x00000180dca663f0,
0x00000180dca67d30, 0x00000180dca68660, 0x00000180dca690d0, 0x00000180dca6d780,
0x00000180dca79670, 0x00000180dcaa7000, 0x00000180e0cdba30, 0x00000180e0e7bdc0,
0x00000180e0ded680, 0x00000180e0cdbf80, 0x00000180e0cdaa40, 0x00000180e0cd9fa0,
0x00000180e0cdc4d0
}

Java Threads: ( => current thread )
  0x00000180be24f270 JavaThread "main" [_thread_blocked, id=9668, stack(0x0000004956800000,0x0000004956900000)]
  0x00000180dca5f8e0 JavaThread "Reference Handler" daemon [_thread_blocked, id=13916, stack(0x0000004956f00000,0x0000004957000000)]
  0x00000180dca606d0 JavaThread "Finalizer" daemon [_thread_blocked, id=15232, stack(0x0000004957000000,0x0000004957100000)]
  0x00000180dca663f0 JavaThread "Signal Dispatcher" daemon [_thread_blocked, id=9316, stack(0x0000004957100000,0x0000004957200000)]
  0x00000180dca67d30 JavaThread "Attach Listener" daemon [_thread_blocked, id=14360, stack(0x0000004957200000,0x0000004957300000)]
  0x00000180dca68660 JavaThread "Service Thread" daemon [_thread_blocked, id=14456, stack(0x0000004957300000,0x0000004957400000)]
  0x00000180dca690d0 JavaThread "Monitor Deflation Thread" daemon [_thread_blocked, id=14632, stack(0x0000004957400000,0x0000004957500000)]
  0x00000180dca6d780 JavaThread "C2 CompilerThread0" daemon [_thread_in_native, id=748, stack(0x0000004957500000,0x0000004957600000)]
  0x00000180dca79670 JavaThread "C1 CompilerThread0" daemon [_thread_in_native, id=8928, stack(0x0000004957600000,0x0000004957700000)]
  0x00000180dcaa7000 JavaThread "Sweeper thread" daemon [_thread_blocked, id=14864, stack(0x0000004957700000,0x0000004957800000)]
  0x00000180e0cdba30 JavaThread "Common-Cleaner" daemon [_thread_blocked, id=11108, stack(0x0000004957800000,0x0000004957900000)]
=>0x00000180e0e7bdc0 JavaThread "C2 CompilerThread1" daemon [_thread_in_native, id=12512, stack(0x0000004957900000,0x0000004957a00000)]
  0x00000180e0ded680 JavaThread "C2 CompilerThread2" daemon [_thread_in_native, id=12760, stack(0x0000004957a00000,0x0000004957b00000)]
  0x00000180e0cdbf80 JavaThread "Monitor Ctrl-Break" daemon [_thread_in_native, id=17240, stack(0x0000004957b00000,0x0000004957c00000)]
  0x00000180e0cdaa40 JavaThread "Notification Thread" daemon [_thread_blocked, id=13348, stack(0x0000004957c00000,0x0000004957d00000)]
  0x00000180e0cd9fa0 JavaThread "Thread-0" [_thread_blocked, id=11448, stack(0x0000004957e00000,0x0000004957f00000)]
  0x00000180e0cdc4d0 JavaThread "restartedMain" [_thread_in_Java, id=5464, stack(0x0000004957f00000,0x0000004958000000)]

Other Threads:
  0x00000180dca49870 VMThread "VM Thread" [stack: 0x0000004956e00000,0x0000004956f00000] [id=7524]
  0x00000180e0ede770 WatcherThread "VM Periodic Task Thread" [stack: 0x0000004957d00000,0x0000004957e00000] [id=2536]
  0x00000180be2a83d0 WorkerThread "GC Thread#0" [stack: 0x0000004956900000,0x0000004956a00000] [id=5692]
  0x00000180e17c89f0 WorkerThread "GC Thread#1" [stack: 0x0000004958000000,0x0000004958100000] [id=14232]
  0x00000180e17cacd0 WorkerThread "GC Thread#2" [stack: 0x0000004958100000,0x0000004958200000] [id=5412]
  0x00000180e17cafa0 WorkerThread "GC Thread#3" [stack: 0x0000004958200000,0x0000004958300000] [id=14364]
  0x00000180e17cb680 WorkerThread "GC Thread#4" [stack: 0x0000004958300000,0x0000004958400000] [id=17184]
  0x00000180e17cc5e0 WorkerThread "GC Thread#5" [stack: 0x0000004958400000,0x0000004958500000] [id=13136]
  0x00000180e1b079b0 WorkerThread "GC Thread#6" [stack: 0x0000004958600000,0x0000004958700000] [id=11732]
  0x00000180e1b07f50 WorkerThread "GC Thread#7" [stack: 0x0000004958700000,0x0000004958800000] [id=11320]
  0x00000180be2ba1e0 ConcurrentGCThread "G1 Main Marker" [stack: 0x0000004956a00000,0x0000004956b00000] [id=11928]
  0x00000180be2bb3b0 WorkerThread "G1 Conc#0" [stack: 0x0000004956b00000,0x0000004956c00000] [id=12284]
  0x00000180dc901140 ConcurrentGCThread "G1 Refine#0" [stack: 0x0000004956c00000,0x0000004956d00000] [id=14568]
  0x00000180dc901a90 ConcurrentGCThread "G1 Service" [stack: 0x0000004956d00000,0x0000004956e00000] [id=11032]

Threads with active compile tasks:
C2 CompilerThread0     1671 2085   !   4       java.net.URL::<init> (543 bytes)
C1 CompilerThread0     1672 2137   !   3       java.lang.Class::getEnumConstantsShared (71 bytes)
C2 CompilerThread1     1672 2119       4       java.util.Properties$LineReader::readLine (584 bytes)
C2 CompilerThread2     1672 2121 %     4       java.util.Properties::load0 @ 29 (249 bytes)

VM state: not at safepoint (normal execution)

VM Mutex/Monitor currently owned by a thread: None

Heap address: 0x0000000081800000, size: 2024 MB, Compressed Oops mode: 32-bit

CDS archive(s) mapped at: [0x0000000800000000-0x0000000800c40000-0x0000000800c40000), size 12845056, SharedBaseAddress: 0x0000000800000000, ArchiveRelocationMode: 0.
Compressed class space mapped at: 0x0000000801000000-0x0000000841000000, reserved size: 1073741824
Narrow klass base: 0x0000000800000000, Narrow klass shift: 0, Narrow klass range: 0x100000000

GC Precious Log:
 CardTable entry size: 512
 Card Set container configuration: InlinePtr #cards 5 size 8 Array Of Cards #cards 12 size 40 Howl #buckets 4 coarsen threshold 1843 Howl Bitmap #cards 512 size 80 coarsen threshold 460 Card regions per heap region 1 cards per card region 2048
 CPUs: 8 total, 8 available
 Memory: 8089M
 Large Page Support: Disabled
 NUMA Support: Disabled
 Compressed Oops: Enabled (32-bit)
 Heap Region Size: 1M
 Heap Min Capacity: 8M
 Heap Initial Capacity: 128M
 Heap Max Capacity: 2024M
 Pre-touch: Disabled
 Parallel Workers: 8
 Concurrent Workers: 2
 Concurrent Refinement Workers: 8
 Periodic GC: Disabled

Heap:
 garbage-first heap   total 131072K, used 20273K [0x0000000081800000, 0x0000000100000000)
  region size 1024K, 15 young (15360K), 3 survivors (3072K)
 Metaspace       used 16958K, committed 17216K, reserved 1114112K
  class space    used 1994K, committed 2112K, reserved 1048576K

Heap Regions: E=young(eden), S=young(survivor), O=old, HS=humongous(starts), HC=humongous(continues), CS=collection set, F=free, OA=open archive, CA=closed archive, TAMS=top-at-mark-start (previous, next)
|   0|0x0000000081800000, 0x0000000081900000, 0x0000000081900000|100%|HS|  |TAMS 0x0000000081800000, 0x0000000081800000| Complete 
|   1|0x0000000081900000, 0x0000000081a00000, 0x0000000081a00000|100%| O|  |TAMS 0x0000000081900000, 0x0000000081900000| Untracked 
|   2|0x0000000081a00000, 0x0000000081b00000, 0x0000000081b00000|100%| O|  |TAMS 0x0000000081a00000, 0x0000000081a00000| Untracked 
|   3|0x0000000081b00000, 0x0000000081c00000, 0x0000000081c00000|100%| O|  |TAMS 0x0000000081b00000, 0x0000000081b00000| Untracked 
|   4|0x0000000081c00000, 0x0000000081d00000, 0x0000000081d00000|100%| O|  |TAMS 0x0000000081c00000, 0x0000000081c00000| Untracked 
|   5|0x0000000081d00000, 0x0000000081e00000, 0x0000000081e00000|100%| O|  |TAMS 0x0000000081d00000, 0x0000000081d00000| Untracked 
|   6|0x0000000081e00000, 0x0000000081e0f800, 0x0000000081f00000|  6%| O|  |TAMS 0x0000000081e00000, 0x0000000081e00000| Untracked 
|   7|0x0000000081f00000, 0x0000000081f00000, 0x0000000082000000|  0%| F|  |TAMS 0x0000000081f00000, 0x0000000081f00000| Untracked 
|   8|0x0000000082000000, 0x0000000082000000, 0x0000000082100000|  0%| F|  |TAMS 0x0000000082000000, 0x0000000082000000| Untracked 
|   9|0x0000000082100000, 0x0000000082100000, 0x0000000082200000|  0%| F|  |TAMS 0x0000000082100000, 0x0000000082100000| Untracked 
|  10|0x0000000082200000, 0x0000000082200000, 0x0000000082300000|  0%| F|  |TAMS 0x0000000082200000, 0x0000000082200000| Untracked 
|  11|0x0000000082300000, 0x0000000082300000, 0x0000000082400000|  0%| F|  |TAMS 0x0000000082300000, 0x0000000082300000| Untracked 
|  12|0x0000000082400000, 0x0000000082400000, 0x0000000082500000|  0%| F|  |TAMS 0x0000000082400000, 0x0000000082400000| Untracked 
|  13|0x0000000082500000, 0x0000000082500000, 0x0000000082600000|  0%| F|  |TAMS 0x0000000082500000, 0x0000000082500000| Untracked 
|  14|0x0000000082600000, 0x0000000082600000, 0x0000000082700000|  0%| F|  |TAMS 0x0000000082600000, 0x0000000082600000| Untracked 
|  15|0x0000000082700000, 0x0000000082700000, 0x0000000082800000|  0%| F|  |TAMS 0x0000000082700000, 0x0000000082700000| Untracked 
|  16|0x0000000082800000, 0x0000000082800000, 0x0000000082900000|  0%| F|  |TAMS 0x0000000082800000, 0x0000000082800000| Untracked 
|  17|0x0000000082900000, 0x0000000082900000, 0x0000000082a00000|  0%| F|  |TAMS 0x0000000082900000, 0x0000000082900000| Untracked 
|  18|0x0000000082a00000, 0x0000000082a00000, 0x0000000082b00000|  0%| F|  |TAMS 0x0000000082a00000, 0x0000000082a00000| Untracked 
|  19|0x0000000082b00000, 0x0000000082b00000, 0x0000000082c00000|  0%| F|  |TAMS 0x0000000082b00000, 0x0000000082b00000| Untracked 
|  20|0x0000000082c00000, 0x0000000082c00000, 0x0000000082d00000|  0%| F|  |TAMS 0x0000000082c00000, 0x0000000082c00000| Untracked 
|  21|0x0000000082d00000, 0x0000000082d00000, 0x0000000082e00000|  0%| F|  |TAMS 0x0000000082d00000, 0x0000000082d00000| Untracked 
|  22|0x0000000082e00000, 0x0000000082e00000, 0x0000000082f00000|  0%| F|  |TAMS 0x0000000082e00000, 0x0000000082e00000| Untracked 
|  23|0x0000000082f00000, 0x0000000082f00000, 0x0000000083000000|  0%| F|  |TAMS 0x0000000082f00000, 0x0000000082f00000| Untracked 
|  24|0x0000000083000000, 0x0000000083000000, 0x0000000083100000|  0%| F|  |TAMS 0x0000000083000000, 0x0000000083000000| Untracked 
|  25|0x0000000083100000, 0x0000000083100000, 0x0000000083200000|  0%| F|  |TAMS 0x0000000083100000, 0x0000000083100000| Untracked 
|  26|0x0000000083200000, 0x0000000083200000, 0x0000000083300000|  0%| F|  |TAMS 0x0000000083200000, 0x0000000083200000| Untracked 
|  27|0x0000000083300000, 0x0000000083300000, 0x0000000083400000|  0%| F|  |TAMS 0x0000000083300000, 0x0000000083300000| Untracked 
|  28|0x0000000083400000, 0x0000000083400000, 0x0000000083500000|  0%| F|  |TAMS 0x0000000083400000, 0x0000000083400000| Untracked 
|  29|0x0000000083500000, 0x0000000083500000, 0x0000000083600000|  0%| F|  |TAMS 0x0000000083500000, 0x0000000083500000| Untracked 
|  30|0x0000000083600000, 0x0000000083600000, 0x0000000083700000|  0%| F|  |TAMS 0x0000000083600000, 0x0000000083600000| Untracked 
|  31|0x0000000083700000, 0x0000000083700000, 0x0000000083800000|  0%| F|  |TAMS 0x0000000083700000, 0x0000000083700000| Untracked 
|  32|0x0000000083800000, 0x0000000083800000, 0x0000000083900000|  0%| F|  |TAMS 0x0000000083800000, 0x0000000083800000| Untracked 
|  33|0x0000000083900000, 0x0000000083900000, 0x0000000083a00000|  0%| F|  |TAMS 0x0000000083900000, 0x0000000083900000| Untracked 
|  34|0x0000000083a00000, 0x0000000083a00000, 0x0000000083b00000|  0%| F|  |TAMS 0x0000000083a00000, 0x0000000083a00000| Untracked 
|  35|0x0000000083b00000, 0x0000000083b00000, 0x0000000083c00000|  0%| F|  |TAMS 0x0000000083b00000, 0x0000000083b00000| Untracked 
|  36|0x0000000083c00000, 0x0000000083c00000, 0x0000000083d00000|  0%| F|  |TAMS 0x0000000083c00000, 0x0000000083c00000| Untracked 
|  37|0x0000000083d00000, 0x0000000083d00000, 0x0000000083e00000|  0%| F|  |TAMS 0x0000000083d00000, 0x0000000083d00000| Untracked 
|  38|0x0000000083e00000, 0x0000000083e00000, 0x0000000083f00000|  0%| F|  |TAMS 0x0000000083e00000, 0x0000000083e00000| Untracked 
|  39|0x0000000083f00000, 0x0000000083f00000, 0x0000000084000000|  0%| F|  |TAMS 0x0000000083f00000, 0x0000000083f00000| Untracked 
|  40|0x0000000084000000, 0x0000000084000000, 0x0000000084100000|  0%| F|  |TAMS 0x0000000084000000, 0x0000000084000000| Untracked 
|  41|0x0000000084100000, 0x0000000084100000, 0x0000000084200000|  0%| F|  |TAMS 0x0000000084100000, 0x0000000084100000| Untracked 
|  42|0x0000000084200000, 0x0000000084200000, 0x0000000084300000|  0%| F|  |TAMS 0x0000000084200000, 0x0000000084200000| Untracked 
|  43|0x0000000084300000, 0x0000000084300000, 0x0000000084400000|  0%| F|  |TAMS 0x0000000084300000, 0x0000000084300000| Untracked 
|  44|0x0000000084400000, 0x0000000084400000, 0x0000000084500000|  0%| F|  |TAMS 0x0000000084400000, 0x0000000084400000| Untracked 
|  45|0x0000000084500000, 0x0000000084500000, 0x0000000084600000|  0%| F|  |TAMS 0x0000000084500000, 0x0000000084500000| Untracked 
|  46|0x0000000084600000, 0x0000000084600000, 0x0000000084700000|  0%| F|  |TAMS 0x0000000084600000, 0x0000000084600000| Untracked 
|  47|0x0000000084700000, 0x0000000084700000, 0x0000000084800000|  0%| F|  |TAMS 0x0000000084700000, 0x0000000084700000| Untracked 
|  48|0x0000000084800000, 0x0000000084800000, 0x0000000084900000|  0%| F|  |TAMS 0x0000000084800000, 0x0000000084800000| Untracked 
|  49|0x0000000084900000, 0x0000000084900000, 0x0000000084a00000|  0%| F|  |TAMS 0x0000000084900000, 0x0000000084900000| Untracked 
|  50|0x0000000084a00000, 0x0000000084a00000, 0x0000000084b00000|  0%| F|  |TAMS 0x0000000084a00000, 0x0000000084a00000| Untracked 
|  51|0x0000000084b00000, 0x0000000084b00000, 0x0000000084c00000|  0%| F|  |TAMS 0x0000000084b00000, 0x0000000084b00000| Untracked 
|  52|0x0000000084c00000, 0x0000000084c00000, 0x0000000084d00000|  0%| F|  |TAMS 0x0000000084c00000, 0x0000000084c00000| Untracked 
|  53|0x0000000084d00000, 0x0000000084d00000, 0x0000000084e00000|  0%| F|  |TAMS 0x0000000084d00000, 0x0000000084d00000| Untracked 
|  54|0x0000000084e00000, 0x0000000084e00000, 0x0000000084f00000|  0%| F|  |TAMS 0x0000000084e00000, 0x0000000084e00000| Untracked 
|  55|0x0000000084f00000, 0x0000000084f00000, 0x0000000085000000|  0%| F|  |TAMS 0x0000000084f00000, 0x0000000084f00000| Untracked 
|  56|0x0000000085000000, 0x0000000085000000, 0x0000000085100000|  0%| F|  |TAMS 0x0000000085000000, 0x0000000085000000| Untracked 
|  57|0x0000000085100000, 0x0000000085100000, 0x0000000085200000|  0%| F|  |TAMS 0x0000000085100000, 0x0000000085100000| Untracked 
|  58|0x0000000085200000, 0x0000000085200000, 0x0000000085300000|  0%| F|  |TAMS 0x0000000085200000, 0x0000000085200000| Untracked 
|  59|0x0000000085300000, 0x0000000085300000, 0x0000000085400000|  0%| F|  |TAMS 0x0000000085300000, 0x0000000085300000| Untracked 
|  60|0x0000000085400000, 0x0000000085400000, 0x0000000085500000|  0%| F|  |TAMS 0x0000000085400000, 0x0000000085400000| Untracked 
|  61|0x0000000085500000, 0x0000000085500000, 0x0000000085600000|  0%| F|  |TAMS 0x0000000085500000, 0x0000000085500000| Untracked 
|  62|0x0000000085600000, 0x0000000085600000, 0x0000000085700000|  0%| F|  |TAMS 0x0000000085600000, 0x0000000085600000| Untracked 
|  63|0x0000000085700000, 0x0000000085700000, 0x0000000085800000|  0%| F|  |TAMS 0x0000000085700000, 0x0000000085700000| Untracked 
|  64|0x0000000085800000, 0x0000000085800000, 0x0000000085900000|  0%| F|  |TAMS 0x0000000085800000, 0x0000000085800000| Untracked 
|  65|0x0000000085900000, 0x0000000085900000, 0x0000000085a00000|  0%| F|  |TAMS 0x0000000085900000, 0x0000000085900000| Untracked 
|  66|0x0000000085a00000, 0x0000000085a00000, 0x0000000085b00000|  0%| F|  |TAMS 0x0000000085a00000, 0x0000000085a00000| Untracked 
|  67|0x0000000085b00000, 0x0000000085b00000, 0x0000000085c00000|  0%| F|  |TAMS 0x0000000085b00000, 0x0000000085b00000| Untracked 
|  68|0x0000000085c00000, 0x0000000085c00000, 0x0000000085d00000|  0%| F|  |TAMS 0x0000000085c00000, 0x0000000085c00000| Untracked 
|  69|0x0000000085d00000, 0x0000000085d00000, 0x0000000085e00000|  0%| F|  |TAMS 0x0000000085d00000, 0x0000000085d00000| Untracked 
|  70|0x0000000085e00000, 0x0000000085e00000, 0x0000000085f00000|  0%| F|  |TAMS 0x0000000085e00000, 0x0000000085e00000| Untracked 
|  71|0x0000000085f00000, 0x0000000085f00000, 0x0000000086000000|  0%| F|  |TAMS 0x0000000085f00000, 0x0000000085f00000| Untracked 
|  72|0x0000000086000000, 0x0000000086000000, 0x0000000086100000|  0%| F|  |TAMS 0x0000000086000000, 0x0000000086000000| Untracked 
|  73|0x0000000086100000, 0x0000000086100000, 0x0000000086200000|  0%| F|  |TAMS 0x0000000086100000, 0x0000000086100000| Untracked 
|  74|0x0000000086200000, 0x0000000086200000, 0x0000000086300000|  0%| F|  |TAMS 0x0000000086200000, 0x0000000086200000| Untracked 
|  75|0x0000000086300000, 0x0000000086300000, 0x0000000086400000|  0%| F|  |TAMS 0x0000000086300000, 0x0000000086300000| Untracked 
|  76|0x0000000086400000, 0x0000000086400000, 0x0000000086500000|  0%| F|  |TAMS 0x0000000086400000, 0x0000000086400000| Untracked 
|  77|0x0000000086500000, 0x0000000086500000, 0x0000000086600000|  0%| F|  |TAMS 0x0000000086500000, 0x0000000086500000| Untracked 
|  78|0x0000000086600000, 0x0000000086600000, 0x0000000086700000|  0%| F|  |TAMS 0x0000000086600000, 0x0000000086600000| Untracked 
|  79|0x0000000086700000, 0x0000000086700000, 0x0000000086800000|  0%| F|  |TAMS 0x0000000086700000, 0x0000000086700000| Untracked 
|  80|0x0000000086800000, 0x0000000086800000, 0x0000000086900000|  0%| F|  |TAMS 0x0000000086800000, 0x0000000086800000| Untracked 
|  81|0x0000000086900000, 0x0000000086900000, 0x0000000086a00000|  0%| F|  |TAMS 0x0000000086900000, 0x0000000086900000| Untracked 
|  82|0x0000000086a00000, 0x0000000086a00000, 0x0000000086b00000|  0%| F|  |TAMS 0x0000000086a00000, 0x0000000086a00000| Untracked 
|  83|0x0000000086b00000, 0x0000000086b00000, 0x0000000086c00000|  0%| F|  |TAMS 0x0000000086b00000, 0x0000000086b00000| Untracked 
|  84|0x0000000086c00000, 0x0000000086c00000, 0x0000000086d00000|  0%| F|  |TAMS 0x0000000086c00000, 0x0000000086c00000| Untracked 
|  85|0x0000000086d00000, 0x0000000086d00000, 0x0000000086e00000|  0%| F|  |TAMS 0x0000000086d00000, 0x0000000086d00000| Untracked 
|  86|0x0000000086e00000, 0x0000000086e00000, 0x0000000086f00000|  0%| F|  |TAMS 0x0000000086e00000, 0x0000000086e00000| Untracked 
|  87|0x0000000086f00000, 0x0000000086f00000, 0x0000000087000000|  0%| F|  |TAMS 0x0000000086f00000, 0x0000000086f00000| Untracked 
|  88|0x0000000087000000, 0x0000000087000000, 0x0000000087100000|  0%| F|  |TAMS 0x0000000087000000, 0x0000000087000000| Untracked 
|  89|0x0000000087100000, 0x0000000087100000, 0x0000000087200000|  0%| F|  |TAMS 0x0000000087100000, 0x0000000087100000| Untracked 
|  90|0x0000000087200000, 0x0000000087200000, 0x0000000087300000|  0%| F|  |TAMS 0x0000000087200000, 0x0000000087200000| Untracked 
|  91|0x0000000087300000, 0x00000000873bcef0, 0x0000000087400000| 73%| S|CS|TAMS 0x0000000087300000, 0x0000000087300000| Complete 
|  92|0x0000000087400000, 0x0000000087500000, 0x0000000087500000|100%| S|CS|TAMS 0x0000000087400000, 0x0000000087400000| Complete 
|  93|0x0000000087500000, 0x0000000087600000, 0x0000000087600000|100%| S|CS|TAMS 0x0000000087500000, 0x0000000087500000| Complete 
|  94|0x0000000087600000, 0x0000000087600000, 0x0000000087700000|  0%| F|  |TAMS 0x0000000087600000, 0x0000000087600000| Untracked 
|  95|0x0000000087700000, 0x0000000087700000, 0x0000000087800000|  0%| F|  |TAMS 0x0000000087700000, 0x0000000087700000| Untracked 
|  96|0x0000000087800000, 0x0000000087800000, 0x0000000087900000|  0%| F|  |TAMS 0x0000000087800000, 0x0000000087800000| Untracked 
|  97|0x0000000087900000, 0x0000000087900000, 0x0000000087a00000|  0%| F|  |TAMS 0x0000000087900000, 0x0000000087900000| Untracked 
|  98|0x0000000087a00000, 0x0000000087a00000, 0x0000000087b00000|  0%| F|  |TAMS 0x0000000087a00000, 0x0000000087a00000| Untracked 
|  99|0x0000000087b00000, 0x0000000087b00000, 0x0000000087c00000|  0%| F|  |TAMS 0x0000000087b00000, 0x0000000087b00000| Untracked 
| 100|0x0000000087c00000, 0x0000000087c00000, 0x0000000087d00000|  0%| F|  |TAMS 0x0000000087c00000, 0x0000000087c00000| Untracked 
| 101|0x0000000087d00000, 0x0000000087d00000, 0x0000000087e00000|  0%| F|  |TAMS 0x0000000087d00000, 0x0000000087d00000| Untracked 
| 102|0x0000000087e00000, 0x0000000087e00000, 0x0000000087f00000|  0%| F|  |TAMS 0x0000000087e00000, 0x0000000087e00000| Untracked 
| 103|0x0000000087f00000, 0x0000000087f00000, 0x0000000088000000|  0%| F|  |TAMS 0x0000000087f00000, 0x0000000087f00000| Untracked 
| 104|0x0000000088000000, 0x0000000088000000, 0x0000000088100000|  0%| F|  |TAMS 0x0000000088000000, 0x0000000088000000| Untracked 
| 105|0x0000000088100000, 0x0000000088100000, 0x0000000088200000|  0%| F|  |TAMS 0x0000000088100000, 0x0000000088100000| Untracked 
| 106|0x0000000088200000, 0x0000000088200000, 0x0000000088300000|  0%| F|  |TAMS 0x0000000088200000, 0x0000000088200000| Untracked 
| 107|0x0000000088300000, 0x0000000088300000, 0x0000000088400000|  0%| F|  |TAMS 0x0000000088300000, 0x0000000088300000| Untracked 
| 108|0x0000000088400000, 0x0000000088400000, 0x0000000088500000|  0%| F|  |TAMS 0x0000000088400000, 0x0000000088400000| Untracked 
| 109|0x0000000088500000, 0x0000000088500000, 0x0000000088600000|  0%| F|  |TAMS 0x0000000088500000, 0x0000000088500000| Untracked 
| 110|0x0000000088600000, 0x0000000088600000, 0x0000000088700000|  0%| F|  |TAMS 0x0000000088600000, 0x0000000088600000| Untracked 
| 111|0x0000000088700000, 0x0000000088700000, 0x0000000088800000|  0%| F|  |TAMS 0x0000000088700000, 0x0000000088700000| Untracked 
| 112|0x0000000088800000, 0x0000000088800000, 0x0000000088900000|  0%| F|  |TAMS 0x0000000088800000, 0x0000000088800000| Untracked 
| 113|0x0000000088900000, 0x0000000088900000, 0x0000000088a00000|  0%| F|  |TAMS 0x0000000088900000, 0x0000000088900000| Untracked 
| 114|0x0000000088a00000, 0x0000000088a00000, 0x0000000088b00000|  0%| F|  |TAMS 0x0000000088a00000, 0x0000000088a00000| Untracked 
| 115|0x0000000088b00000, 0x0000000088b00000, 0x0000000088c00000|  0%| F|  |TAMS 0x0000000088b00000, 0x0000000088b00000| Untracked 
| 116|0x0000000088c00000, 0x0000000088cba160, 0x0000000088d00000| 72%| E|  |TAMS 0x0000000088c00000, 0x0000000088c00000| Complete 
| 117|0x0000000088d00000, 0x0000000088e00000, 0x0000000088e00000|100%| E|CS|TAMS 0x0000000088d00000, 0x0000000088d00000| Complete 
| 118|0x0000000088e00000, 0x0000000088f00000, 0x0000000088f00000|100%| E|CS|TAMS 0x0000000088e00000, 0x0000000088e00000| Complete 
| 119|0x0000000088f00000, 0x0000000089000000, 0x0000000089000000|100%| E|CS|TAMS 0x0000000088f00000, 0x0000000088f00000| Complete 
| 120|0x0000000089000000, 0x0000000089100000, 0x0000000089100000|100%| E|CS|TAMS 0x0000000089000000, 0x0000000089000000| Complete 
| 121|0x0000000089100000, 0x0000000089200000, 0x0000000089200000|100%| E|CS|TAMS 0x0000000089100000, 0x0000000089100000| Complete 
| 122|0x0000000089200000, 0x0000000089300000, 0x0000000089300000|100%| E|CS|TAMS 0x0000000089200000, 0x0000000089200000| Complete 
| 123|0x0000000089300000, 0x0000000089400000, 0x0000000089400000|100%| E|CS|TAMS 0x0000000089300000, 0x0000000089300000| Complete 
| 124|0x0000000089400000, 0x0000000089500000, 0x0000000089500000|100%| E|CS|TAMS 0x0000000089400000, 0x0000000089400000| Complete 
| 125|0x0000000089500000, 0x0000000089600000, 0x0000000089600000|100%| E|CS|TAMS 0x0000000089500000, 0x0000000089500000| Complete 
| 126|0x0000000089600000, 0x0000000089700000, 0x0000000089700000|100%| E|CS|TAMS 0x0000000089600000, 0x0000000089600000| Complete 
| 127|0x0000000089700000, 0x0000000089800000, 0x0000000089800000|100%| E|CS|TAMS 0x0000000089700000, 0x0000000089700000| Complete 

Card table byte_map: [0x00000180d58f0000,0x00000180d5cf0000] _byte_map_base: 0x00000180d54e4000

Marking Bits (Prev, Next): (CMBitMap*) 0x00000180be2a8a00, (CMBitMap*) 0x00000180be2a8a40
 Prev Bits: [0x00000180d60f0000, 0x00000180d8090000)
 Next Bits: [0x00000180d8090000, 0x00000180da030000)

Polling page: 0x00000180bda10000

Metaspace:

Usage:
  Non-class:     14.64 MB used.
      Class:      1.95 MB used.
       Both:     16.59 MB used.

Virtual space:
  Non-class space:       64.00 MB reserved,      14.81 MB ( 23%) committed,  1 nodes.
      Class space:        1.00 GB reserved,       2.06 MB ( <1%) committed,  1 nodes.
             Both:        1.06 GB reserved,      16.88 MB (  2%) committed. 

Chunk freelists:
   Non-Class:  752.00 KB
       Class:  1.91 MB
        Both:  2.65 MB

MaxMetaspaceSize: unlimited
CompressedClassSpaceSize: 1.00 GB
Initial GC threshold: 21.00 MB
Current GC threshold: 21.00 MB
CDS: on
MetaspaceReclaimPolicy: balanced
 - commit_granule_bytes: 65536.
 - commit_granule_words: 8192.
 - virtual_space_node_default_size: 8388608.
 - enlarge_chunks_in_place: 1.
 - new_chunks_are_fully_committed: 0.
 - uncommit_free_chunks: 1.
 - use_allocation_guard: 0.


Internal statistics:

num_allocs_failed_limit: 0.
num_arena_births: 228.
num_arena_deaths: 0.
num_vsnodes_births: 2.
num_vsnodes_deaths: 0.
num_space_committed: 270.
num_space_uncommitted: 0.
num_chunks_returned_to_freelist: 0.
num_chunks_taken_from_freelist: 773.
num_chunk_merges: 0.
num_chunk_splits: 526.
num_chunks_enlarged: 425.
num_inconsistent_stats: 0.

CodeHeap 'non-profiled nmethods': size=120000Kb used=783Kb max_used=783Kb free=119216Kb
 bounds [0x00000180cdc80000, 0x00000180cdef0000, 0x00000180d51b0000]
CodeHeap 'profiled nmethods': size=120000Kb used=3951Kb max_used=3951Kb free=116049Kb
 bounds [0x00000180c61b0000, 0x00000180c6590000, 0x00000180cd6e0000]
CodeHeap 'non-nmethods': size=5760Kb used=1277Kb max_used=1312Kb free=4482Kb
 bounds [0x00000180cd6e0000, 0x00000180cd950000, 0x00000180cdc80000]
 total_blobs=2623 nmethods=2132 adapters=401
 compilation: enabled
              stopped_count=0, restarted_count=0
 full_count=0

Compilation events (20 events):
Event: 1.603 Thread 0x00000180dca79670 nmethod 2126 0x00000180cdd42490 code [0x00000180cdd42620, 0x00000180cdd426f8]
Event: 1.603 Thread 0x00000180dca79670 2127       3       org.springframework.boot.autoconfigure.AutoConfigurationSorter$AutoConfigurationClass::getBefore (50 bytes)
Event: 1.605 Thread 0x00000180dca79670 nmethod 2127 0x00000180c6586990 code [0x00000180c6586c60, 0x00000180c6587b38]
Event: 1.605 Thread 0x00000180dca79670 2128       3       org.springframework.boot.autoconfigure.AutoConfigurationSorter$AutoConfigurationClasses$$Lambda$352/0x0000000801210000::accept (20 bytes)
Event: 1.605 Thread 0x00000180dca79670 nmethod 2128 0x00000180c6588110 code [0x00000180c6588300, 0x00000180c6588888]
Event: 1.605 Thread 0x00000180dca79670 2129       3       org.springframework.boot.autoconfigure.AutoConfigurationSorter$AutoConfigurationClasses::lambda$getClassesRequestedAfter$0 (22 bytes)
Event: 1.605 Thread 0x00000180dca79670 nmethod 2129 0x00000180c6588a90 code [0x00000180c6588c60, 0x00000180c6588f68]
Event: 1.606 Thread 0x00000180dca79670 2130       3       java.util.HashSet::remove (20 bytes)
Event: 1.606 Thread 0x00000180dca79670 nmethod 2130 0x00000180c6589110 code [0x00000180c65892c0, 0x00000180c65894e8]
Event: 1.606 Thread 0x00000180dca79670 2132       3       java.util.LinkedHashMap::afterNodeAccess (116 bytes)
Event: 1.606 Thread 0x00000180dca79670 nmethod 2132 0x00000180c6589590 code [0x00000180c6589760, 0x00000180c6589db8]
Event: 1.606 Thread 0x00000180dca79670 2133       3       java.util.HashMap::forEach (112 bytes)
Event: 1.607 Thread 0x00000180dca79670 nmethod 2133 0x00000180c6589f10 code [0x00000180c658a100, 0x00000180c658a728]
Event: 1.607 Thread 0x00000180dca79670 2134       3       jdk.internal.org.objectweb.asm.MethodVisitor::visitFieldInsn (20 bytes)
Event: 1.607 Thread 0x00000180dca79670 nmethod 2134 0x00000180c658a990 code [0x00000180c658ab40, 0x00000180c658ad48]
Event: 1.610 Thread 0x00000180e0ded680 nmethod 2120 0x00000180cdd42790 code [0x00000180cdd42980, 0x00000180cdd433e0]
Event: 1.610 Thread 0x00000180e0ded680 2121 %     4       java.util.Properties::load0 @ 29 (249 bytes)
Event: 1.610 Thread 0x00000180dca79670 2135       3       java.lang.Class::newReflectionData (66 bytes)
Event: 1.610 Thread 0x00000180dca79670 nmethod 2135 0x00000180c658ae10 code [0x00000180c658b040, 0x00000180c658b958]
Event: 1.610 Thread 0x00000180dca79670 2137   !   3       java.lang.Class::getEnumConstantsShared (71 bytes)

GC Heap History (4 events):
Event: 0.785 GC heap before
{Heap before GC invocations=0 (full 0):
 garbage-first heap   total 131072K, used 24576K [0x0000000081800000, 0x0000000100000000)
  region size 1024K, 23 young (23552K), 0 survivors (0K)
 Metaspace       used 6405K, committed 6592K, reserved 1114112K
  class space    used 710K, committed 768K, reserved 1048576K
}
Event: 0.789 GC heap after
{Heap after GC invocations=1 (full 0):
 garbage-first heap   total 131072K, used 6135K [0x0000000081800000, 0x0000000100000000)
  region size 1024K, 3 young (3072K), 3 survivors (3072K)
 Metaspace       used 6405K, committed 6592K, reserved 1114112K
  class space    used 710K, committed 768K, reserved 1048576K
}
Event: 1.374 GC heap before
{Heap before GC invocations=1 (full 0):
 garbage-first heap   total 131072K, used 36855K [0x0000000081800000, 0x0000000100000000)
  region size 1024K, 34 young (34816K), 3 survivors (3072K)
 Metaspace       used 14703K, committed 14976K, reserved 1114112K
  class space    used 1705K, committed 1856K, reserved 1048576K
}
Event: 1.380 GC heap after
{Heap after GC invocations=2 (full 0):
 garbage-first heap   total 131072K, used 9009K [0x0000000081800000, 0x0000000100000000)
  region size 1024K, 3 young (3072K), 3 survivors (3072K)
 Metaspace       used 14703K, committed 14976K, reserved 1114112K
  class space    used 1705K, committed 1856K, reserved 1048576K
}

Dll operation events (13 events):
Event: 0.009 Loaded shared library C:\Program Files\Java\jdk-19\bin\java.dll
Event: 0.022 Loaded shared library C:\Program Files\Java\jdk-19\bin\jsvml.dll
Event: 0.118 Loaded shared library C:\Program Files\Java\jdk-19\bin\zip.dll
Event: 0.121 Loaded shared library C:\Program Files\Java\jdk-19\bin\instrument.dll
Event: 0.128 Loaded shared library C:\Program Files\Java\jdk-19\bin\net.dll
Event: 0.130 Loaded shared library C:\Program Files\Java\jdk-19\bin\nio.dll
Event: 0.132 Loaded shared library C:\Program Files\Java\jdk-19\bin\zip.dll
Event: 0.218 Loaded shared library C:\Program Files\JetBrains\IntelliJ IDEA Community Edition 2023.1.1\bin\breakgen64.dll
Event: 0.234 Loaded shared library C:\Program Files\Java\jdk-19\bin\extnet.dll
Event: 0.270 Loaded shared library C:\Program Files\Java\jdk-19\bin\jimage.dll
Event: 0.567 Loaded shared library C:\Program Files\Java\jdk-19\bin\management.dll
Event: 0.569 Loaded shared library C:\Program Files\Java\jdk-19\bin\management_ext.dll
Event: 1.171 Loaded shared library C:\Program Files\Java\jdk-19\bin\verify.dll

Deoptimization events (20 events):
Event: 1.595 Thread 0x00000180e0cdc4d0 DEOPT PACKING pc=0x00000180c62d9b51 sp=0x0000004957ffe700
Event: 1.595 Thread 0x00000180e0cdc4d0 DEOPT UNPACKING pc=0x00000180cd747543 sp=0x0000004957ffdbf0 mode 0
Event: 1.595 Thread 0x00000180e0cdc4d0 DEOPT PACKING pc=0x00000180c62d01de sp=0x0000004957ffe710
Event: 1.595 Thread 0x00000180e0cdc4d0 DEOPT UNPACKING pc=0x00000180cd747543 sp=0x0000004957ffdbf8 mode 0
Event: 1.596 Thread 0x00000180e0cdc4d0 DEOPT PACKING pc=0x00000180c62d9b51 sp=0x0000004957ffe700
Event: 1.596 Thread 0x00000180e0cdc4d0 DEOPT UNPACKING pc=0x00000180cd747543 sp=0x0000004957ffdbf0 mode 0
Event: 1.596 Thread 0x00000180e0cdc4d0 DEOPT PACKING pc=0x00000180c62d01de sp=0x0000004957ffe710
Event: 1.596 Thread 0x00000180e0cdc4d0 DEOPT UNPACKING pc=0x00000180cd747543 sp=0x0000004957ffdbf8 mode 0
Event: 1.596 Thread 0x00000180e0cdc4d0 DEOPT PACKING pc=0x00000180c62d9b51 sp=0x0000004957ffe700
Event: 1.596 Thread 0x00000180e0cdc4d0 DEOPT UNPACKING pc=0x00000180cd747543 sp=0x0000004957ffdbf0 mode 0
Event: 1.596 Thread 0x00000180e0cdc4d0 DEOPT PACKING pc=0x00000180c62d01de sp=0x0000004957ffe710
Event: 1.596 Thread 0x00000180e0cdc4d0 DEOPT UNPACKING pc=0x00000180cd747543 sp=0x0000004957ffdbf8 mode 0
Event: 1.597 Thread 0x00000180e0cdc4d0 DEOPT PACKING pc=0x00000180c62d9b51 sp=0x0000004957ffe700
Event: 1.597 Thread 0x00000180e0cdc4d0 DEOPT UNPACKING pc=0x00000180cd747543 sp=0x0000004957ffdbf0 mode 0
Event: 1.597 Thread 0x00000180e0cdc4d0 DEOPT PACKING pc=0x00000180c62d01de sp=0x0000004957ffe710
Event: 1.597 Thread 0x00000180e0cdc4d0 DEOPT UNPACKING pc=0x00000180cd747543 sp=0x0000004957ffdbf8 mode 0
Event: 1.597 Thread 0x00000180e0cdc4d0 DEOPT PACKING pc=0x00000180c62d9b51 sp=0x0000004957ffe700
Event: 1.597 Thread 0x00000180e0cdc4d0 DEOPT UNPACKING pc=0x00000180cd747543 sp=0x0000004957ffdbf0 mode 0
Event: 1.597 Thread 0x00000180e0cdc4d0 DEOPT PACKING pc=0x00000180c62d01de sp=0x0000004957ffe710
Event: 1.597 Thread 0x00000180e0cdc4d0 DEOPT UNPACKING pc=0x00000180cd747543 sp=0x0000004957ffdbf8 mode 0

Classes loaded (20 events):
Event: 1.419 Loading class java/util/stream/SortedOps$AbstractRefSortingSink done
Event: 1.419 Loading class java/util/stream/SortedOps$RefSortingSink done
Event: 1.419 Loading class sun/nio/fs/WindowsPath$WindowsPathWithAttributes
Event: 1.419 Loading class sun/nio/fs/BasicFileAttributesHolder
Event: 1.419 Loading class sun/nio/fs/BasicFileAttributesHolder done
Event: 1.419 Loading class sun/nio/fs/WindowsPath$WindowsPathWithAttributes done
Event: 1.419 Loading class java/util/StringTokenizer
Event: 1.420 Loading class java/util/StringTokenizer done
Event: 1.420 Loading class java/util/regex/Pattern$LazyLoop
Event: 1.420 Loading class java/util/regex/Pattern$Loop
Event: 1.420 Loading class java/util/regex/Pattern$Loop done
Event: 1.421 Loading class java/util/regex/Pattern$LazyLoop done
Event: 1.421 Loading class java/util/regex/Pattern$Prolog
Event: 1.421 Loading class java/util/regex/Pattern$Prolog done
Event: 1.428 Loading class java/lang/AssertionError
Event: 1.428 Loading class java/lang/AssertionError done
Event: 1.550 Loading class javax/naming/ldap/LdapContext
Event: 1.550 Loading class javax/naming/directory/DirContext
Event: 1.550 Loading class javax/naming/directory/DirContext done
Event: 1.550 Loading class javax/naming/ldap/LdapContext done

Classes unloaded (0 events):
No events

Classes redefined (0 events):
No events

Internal exceptions (20 events):
Event: 0.972 Thread 0x00000180e0cdc4d0 Exception <a 'java/lang/NoSuchMethodError'{0x00000000891b7428}: 'void java.lang.invoke.DirectMethodHandle$Holder.invokeInterface(java.lang.Object, java.lang.Object, java.lang.Object)'> (0x00000000891b7428) 
thrown [s\open\src\hotspot\share\interpreter\linkResolver.cpp, line 774]
Event: 0.994 Thread 0x00000180e0cdc4d0 Exception <a 'java/lang/NoSuchMethodError'{0x000000008903ea60}: 'void java.lang.invoke.DirectMethodHandle$Holder.invokeStaticInit(java.lang.Object, java.lang.Object)'> (0x000000008903ea60) 
thrown [s\open\src\hotspot\share\interpreter\linkResolver.cpp, line 774]
Event: 0.996 Thread 0x00000180e0cdc4d0 Exception <a 'java/lang/NoSuchMethodError'{0x000000008904b0d8}: 'void java.lang.invoke.DirectMethodHandle$Holder.invokeStaticInit(java.lang.Object, java.lang.Object, java.lang.Object)'> (0x000000008904b0d8) 
thrown [s\open\src\hotspot\share\interpreter\linkResolver.cpp, line 774]
Event: 1.003 Thread 0x00000180e0cdc4d0 Exception <a 'java/lang/NoSuchMethodError'{0x0000000089086840}: 'java.lang.Object java.lang.invoke.DirectMethodHandle$Holder.invokeStatic(java.lang.Object, long, java.lang.Object)'> (0x0000000089086840) 
thrown [s\open\src\hotspot\share\interpreter\linkResolver.cpp, line 774]
Event: 1.004 Thread 0x00000180e0cdc4d0 Exception <a 'java/lang/NoSuchMethodError'{0x000000008908a140}: 'java.lang.Object java.lang.invoke.DirectMethodHandle$Holder.invokeStaticInit(java.lang.Object, long, java.lang.Object)'> (0x000000008908a140) 
thrown [s\open\src\hotspot\share\interpreter\linkResolver.cpp, line 774]
Event: 1.005 Thread 0x00000180e0cdc4d0 Exception <a 'java/lang/NoSuchMethodError'{0x0000000089090138}: 'java.lang.Object java.lang.invoke.DirectMethodHandle$Holder.newInvokeSpecial(java.lang.Object, long)'> (0x0000000089090138) 
thrown [s\open\src\hotspot\share\interpreter\linkResolver.cpp, line 774]
Event: 1.020 Thread 0x00000180e0cdc4d0 Exception <a 'java/lang/NoSuchMethodError'{0x00000000890d4090}: 'void java.lang.invoke.DirectMethodHandle$Holder.invokeVirtual(java.lang.Object, java.lang.Object, java.lang.Object, java.lang.Object)'> (0x00000000890d4090) 
thrown [s\open\src\hotspot\share\interpreter\linkResolver.cpp, line 774]
Event: 1.073 Thread 0x00000180e0cdc4d0 Exception <a 'java/lang/NoSuchMethodError'{0x0000000088ed3598}: 'void java.lang.invoke.DirectMethodHandle$Holder.invokeSpecial(java.lang.Object, java.lang.Object, java.lang.Object, java.lang.Object, java.lang.Object)'> (0x0000000088ed3598) 
thrown [s\open\src\hotspot\share\interpreter\linkResolver.cpp, line 774]
Event: 1.080 Thread 0x00000180e0cdaf90 Exception <a 'java/lang/NoClassDefFoundError'{0x0000000088d15440}: jakarta/validation/Validation> (0x0000000088d15440) 
thrown [s\open\src\hotspot\share\classfile\systemDictionary.cpp, line 244]
Event: 1.080 Thread 0x00000180e0cdc4d0 Exception <a 'java/lang/IncompatibleClassChangeError'{0x0000000088d23140}: Found class java.lang.Object, but interface was expected> (0x0000000088d23140) 
thrown [s\open\src\hotspot\share\interpreter\linkResolver.cpp, line 841]
Event: 1.203 Thread 0x00000180e0cdc4d0 Exception <a 'java/lang/NoSuchMethodError'{0x00000000884bbe08}: 'int java.lang.invoke.Invokers$Holder.invokeExact_MT(java.lang.Object, java.lang.Object)'> (0x00000000884bbe08) 
thrown [s\open\src\hotspot\share\interpreter\linkResolver.cpp, line 774]
Event: 1.413 Thread 0x00000180e0cdc4d0 Exception <a 'java/lang/NoSuchMethodError'{0x000000008956fd08}: 'int java.lang.invoke.DirectMethodHandle$Holder.invokeSpecial(java.lang.Object, java.lang.Object, java.lang.Object, java.lang.Object, java.lang.Object)'> (0x000000008956fd08) 
thrown [s\open\src\hotspot\share\interpreter\linkResolver.cpp, line 774]
Event: 1.415 Thread 0x00000180e0cdc4d0 Exception <a 'java/lang/NoSuchMethodError'{0x0000000089578cf0}: 'void java.lang.invoke.DirectMethodHandle$Holder.invokeVirtual(java.lang.Object, java.lang.Object)'> (0x0000000089578cf0) 
thrown [s\open\src\hotspot\share\interpreter\linkResolver.cpp, line 774]
Event: 1.429 Thread 0x00000180e0cdaf90 Exception <a 'java/lang/NoSuchMethodError'{0x000000008942fc68}: 'long java.lang.invoke.DirectMethodHandle$Holder.invokeSpecial(java.lang.Object, java.lang.Object)'> (0x000000008942fc68) 
thrown [s\open\src\hotspot\share\interpreter\linkResolver.cpp, line 774]
Event: 1.431 Thread 0x00000180e0cdaf90 Exception <a 'java/lang/NoSuchMethodError'{0x00000000894b9268}: 'long java.lang.invoke.DirectMethodHandle$Holder.invokeStatic(java.lang.Object, java.lang.Object)'> (0x00000000894b9268) 
thrown [s\open\src\hotspot\share\interpreter\linkResolver.cpp, line 774]
Event: 1.432 Thread 0x00000180e0cdaf90 Exception <a 'java/lang/NoSuchMethodError'{0x00000000894bc870}: 'long java.lang.invoke.DirectMethodHandle$Holder.invokeStaticInit(java.lang.Object, java.lang.Object)'> (0x00000000894bc870) 
thrown [s\open\src\hotspot\share\interpreter\linkResolver.cpp, line 774]
Event: 1.435 Thread 0x00000180e0cdaf90 Exception <a 'java/lang/NoSuchMethodError'{0x00000000894ca880}: 'long java.lang.invoke.DirectMethodHandle$Holder.invokeInterface(java.lang.Object, java.lang.Object)'> (0x00000000894ca880) 
thrown [s\open\src\hotspot\share\interpreter\linkResolver.cpp, line 774]
Event: 1.435 Thread 0x00000180e0cdaf90 Exception <a 'java/lang/IncompatibleClassChangeError'{0x00000000894cde18}: Found class java.lang.Object, but interface was expected> (0x00000000894cde18) 
thrown [s\open\src\hotspot\share\interpreter\linkResolver.cpp, line 841]
Event: 1.448 Thread 0x00000180e0cdaf90 Exception <a 'java/lang/NoSuchMethodError'{0x000000008938f960}: 'java.lang.Object java.lang.invoke.DirectMethodHandle$Holder.invokeVirtual(java.lang.Object, java.lang.Object, java.lang.Object, java.lang.Object)'> (0x000000008938f960) 
thrown [s\open\src\hotspot\share\interpreter\linkResolver.cpp, line 774]
Event: 1.587 Thread 0x00000180e0cdc4d0 Exception <a 'java/lang/IncompatibleClassChangeError'{0x0000000088eb2c28}: Found class java.lang.Object, but interface was expected> (0x0000000088eb2c28) 
thrown [s\open\src\hotspot\share\interpreter\linkResolver.cpp, line 841]

VM Operations (20 events):
Event: 0.790 Executing VM operation: HandshakeAllThreads
Event: 0.790 Executing VM operation: HandshakeAllThreads done
Event: 0.929 Executing VM operation: HandshakeAllThreads
Event: 0.929 Executing VM operation: HandshakeAllThreads done
Event: 1.063 Executing VM operation: HandshakeAllThreads
Event: 1.063 Executing VM operation: HandshakeAllThreads done
Event: 1.070 Executing VM operation: HandshakeAllThreads
Event: 1.070 Executing VM operation: HandshakeAllThreads done
Event: 1.070 Executing VM operation: HandshakeAllThreads
Event: 1.070 Executing VM operation: HandshakeAllThreads done
Event: 1.205 Executing VM operation: ICBufferFull
Event: 1.205 Executing VM operation: ICBufferFull done
Event: 1.218 Executing VM operation: HandshakeAllThreads
Event: 1.218 Executing VM operation: HandshakeAllThreads done
Event: 1.313 Executing VM operation: HandshakeAllThreads
Event: 1.313 Executing VM operation: HandshakeAllThreads done
Event: 1.373 Executing VM operation: G1CollectForAllocation
Event: 1.380 Executing VM operation: G1CollectForAllocation done
Event: 1.399 Executing VM operation: HandshakeAllThreads
Event: 1.399 Executing VM operation: HandshakeAllThreads done

Events (20 events):
Event: 0.037 Thread 0x00000180dca5f8e0 Thread added: 0x00000180dca5f8e0
Event: 0.037 Thread 0x00000180dca606d0 Thread added: 0x00000180dca606d0
Event: 0.037 Thread 0x00000180dca663f0 Thread added: 0x00000180dca663f0
Event: 0.037 Thread 0x00000180dca67d30 Thread added: 0x00000180dca67d30
Event: 0.037 Thread 0x00000180dca68660 Thread added: 0x00000180dca68660
Event: 0.038 Thread 0x00000180dca690d0 Thread added: 0x00000180dca690d0
Event: 0.038 Thread 0x00000180dca6d780 Thread added: 0x00000180dca6d780
Event: 0.038 Thread 0x00000180dca79670 Thread added: 0x00000180dca79670
Event: 0.038 Thread 0x00000180dcaa7000 Thread added: 0x00000180dcaa7000
Event: 0.101 Thread 0x00000180e0cdba30 Thread added: 0x00000180e0cdba30
Event: 0.155 Thread 0x00000180e0e7bdc0 Thread added: 0x00000180e0e7bdc0
Event: 0.159 Thread 0x00000180e0ded680 Thread added: 0x00000180e0ded680
Event: 0.219 Thread 0x00000180e0cdbf80 Thread added: 0x00000180e0cdbf80
Event: 0.219 Thread 0x00000180e0cdaa40 Thread added: 0x00000180e0cdaa40
Event: 0.629 Thread 0x00000180e0cd9fa0 Thread added: 0x00000180e0cd9fa0
Event: 0.633 Thread 0x00000180e0cdc4d0 Thread added: 0x00000180e0cdc4d0
Event: 1.076 Thread 0x00000180e0cdaf90 Thread added: 0x00000180e0cdaf90
Event: 1.452 Thread 0x00000180e0cdaf90 Thread exited: 0x00000180e0cdaf90
Event: 1.512 Thread 0x00000180e0cdca20 Thread added: 0x00000180e0cdca20
Event: 1.579 Thread 0x00000180e0cdca20 Thread exited: 0x00000180e0cdca20


Dynamic libraries:
0x00007ff767d70000 - 0x00007ff767d80000 	C:\Program Files\Java\jdk-19\bin\java.exe
0x00007fff04690000 - 0x00007fff04888000 	C:\WINDOWS\SYSTEM32\ntdll.dll
0x00007fff028a0000 - 0x00007fff0295f000 	C:\WINDOWS\System32\KERNEL32.DLL
0x00007fff02120000 - 0x00007fff02416000 	C:\WINDOWS\System32\KERNELBASE.dll
0x00007fff02450000 - 0x00007fff02550000 	C:\WINDOWS\System32\ucrtbase.dll
0x00007ffefc4d0000 - 0x00007ffefc4eb000 	C:\Program Files\Java\jdk-19\bin\VCRUNTIME140.dll
0x00007ffefccc0000 - 0x00007ffefccd8000 	C:\Program Files\Java\jdk-19\bin\jli.dll
0x00007fff02cd0000 - 0x00007fff02d7f000 	C:\WINDOWS\System32\ADVAPI32.dll
0x00007fff03000000 - 0x00007fff0309e000 	C:\WINDOWS\System32\msvcrt.dll
0x00007fff04470000 - 0x00007fff0450c000 	C:\WINDOWS\System32\sechost.dll
0x00007fff03750000 - 0x00007fff03876000 	C:\WINDOWS\System32\RPCRT4.dll
0x00007fff03100000 - 0x00007fff0329d000 	C:\WINDOWS\System32\USER32.dll
0x00007ffeeccd0000 - 0x00007ffeecf6a000 	C:\WINDOWS\WinSxS\amd64_microsoft.windows.common-controls_6595b64144ccf1df_6.0.19041.1110_none_60b5254171f9507e\COMCTL32.dll
0x00007fff02550000 - 0x00007fff02572000 	C:\WINDOWS\System32\win32u.dll
0x00007fff03880000 - 0x00007fff038ac000 	C:\WINDOWS\System32\GDI32.dll
0x00007fff02000000 - 0x00007fff02115000 	C:\WINDOWS\System32\gdi32full.dll
0x00007fff01e00000 - 0x00007fff01e9d000 	C:\WINDOWS\System32\msvcp_win.dll
0x00007ffefb7e0000 - 0x00007ffefb7ea000 	C:\WINDOWS\SYSTEM32\VERSION.dll
0x00007fff02ea0000 - 0x00007fff02ed0000 	C:\WINDOWS\System32\IMM32.DLL
0x00007ffefe120000 - 0x00007ffefe12c000 	C:\Program Files\Java\jdk-19\bin\vcruntime140_1.dll
0x00007ffef0650000 - 0x00007ffef06de000 	C:\Program Files\Java\jdk-19\bin\msvcp140.dll
0x00007ffeb2a40000 - 0x00007ffeb3700000 	C:\Program Files\Java\jdk-19\bin\server\jvm.dll
0x00007ffeec350000 - 0x00007ffeec359000 	C:\WINDOWS\SYSTEM32\WSOCK32.dll
0x00007ffeecaf0000 - 0x00007ffeecb17000 	C:\WINDOWS\SYSTEM32\WINMM.dll
0x00007fff03600000 - 0x00007fff0366b000 	C:\WINDOWS\System32\WS2_32.dll
0x00007fff005d0000 - 0x00007fff005e2000 	C:\WINDOWS\SYSTEM32\kernel.appcore.dll
0x00007ffefe040000 - 0x00007ffefe04a000 	C:\Program Files\Java\jdk-19\bin\jimage.dll
0x00007ffeffae0000 - 0x00007ffeffcc4000 	C:\WINDOWS\SYSTEM32\DBGHELP.DLL
0x00007ffeeb7d0000 - 0x00007ffeeb804000 	C:\WINDOWS\SYSTEM32\dbgcore.DLL
0x00007fff01d70000 - 0x00007fff01df2000 	C:\WINDOWS\System32\bcryptPrimitives.dll
0x00007ffefc940000 - 0x00007ffefc94e000 	C:\Program Files\Java\jdk-19\bin\instrument.dll
0x00007ffefa0b0000 - 0x00007ffefa0d6000 	C:\Program Files\Java\jdk-19\bin\java.dll
0x00007ffeb2960000 - 0x00007ffeb2a37000 	C:\Program Files\Java\jdk-19\bin\jsvml.dll
0x00007fff03d20000 - 0x00007fff04464000 	C:\WINDOWS\System32\SHELL32.dll
0x00007ffeffdd0000 - 0x00007fff00563000 	C:\WINDOWS\SYSTEM32\windows.storage.dll
0x00007fff032a0000 - 0x00007fff035f4000 	C:\WINDOWS\System32\combase.dll
0x00007fff016f0000 - 0x00007fff0171e000 	C:\WINDOWS\SYSTEM32\Wldp.dll
0x00007fff045a0000 - 0x00007fff0464d000 	C:\WINDOWS\System32\SHCORE.dll
0x00007fff02c70000 - 0x00007fff02cc5000 	C:\WINDOWS\System32\shlwapi.dll
0x00007fff01cb0000 - 0x00007fff01ccf000 	C:\WINDOWS\SYSTEM32\profapi.dll
0x00007ffefa070000 - 0x00007ffefa088000 	C:\Program Files\Java\jdk-19\bin\zip.dll
0x00007ffefc4b0000 - 0x00007ffefc4c3000 	C:\Program Files\Java\jdk-19\bin\net.dll
0x00007ffef9aa0000 - 0x00007ffef9baa000 	C:\WINDOWS\SYSTEM32\WINHTTP.dll
0x00007fff014d0000 - 0x00007fff0153a000 	C:\WINDOWS\system32\mswsock.dll
0x00007ffefa090000 - 0x00007ffefa0a6000 	C:\Program Files\Java\jdk-19\bin\nio.dll
0x00007ffeed4e0000 - 0x00007ffeed4fa000 	C:\Program Files\JetBrains\IntelliJ IDEA Community Edition 2023.1.1\bin\breakgen64.dll
0x00007ffef0a40000 - 0x00007ffef0a48000 	C:\Program Files\Java\jdk-19\bin\extnet.dll
0x00007ffef9eb0000 - 0x00007ffef9eba000 	C:\Program Files\Java\jdk-19\bin\management.dll
0x00007ffef9090000 - 0x00007ffef909b000 	C:\Program Files\Java\jdk-19\bin\management_ext.dll
0x00007fff02c60000 - 0x00007fff02c68000 	C:\WINDOWS\System32\PSAPI.DLL
0x00007ffef9ec0000 - 0x00007ffef9ed0000 	C:\Program Files\Java\jdk-19\bin\verify.dll

dbghelp: loaded successfully - version: 4.0.5 - missing functions: none
symbol engine: initialized successfully - sym options: 0x614 - pdb path: .;C:\Program Files\Java\jdk-19\bin;C:\WINDOWS\SYSTEM32;C:\WINDOWS\WinSxS\amd64_microsoft.windows.common-controls_6595b64144ccf1df_6.0.19041.1110_none_60b5254171f9507e;C:\Program Files\Java\jdk-19\bin\server;C:\Program Files\JetBrains\IntelliJ IDEA Community Edition 2023.1.1\bin

VM Arguments:
jvm_args: -javaagent:C:\Program Files\JetBrains\IntelliJ IDEA Community Edition 2023.1.1\lib\idea_rt.jar=63625:C:\Program Files\JetBrains\IntelliJ IDEA Community Edition 2023.1.1\bin -Dfile.encoding=UTF-8 -Dsun.stdout.encoding=UTF-8 -Dsun.stderr.encoding=UTF-8 
java_command: com.project.springboot.cruddemo.CruddemoApplication
java_class_path (initial): D:\Course\project\spring-boot-rest-crud-employee\target\classes;C:\Users\Mohamed Omara\.m2\repository\org\springframework\boot\spring-boot-starter-data-jpa\3.0.6\spring-boot-starter-data-jpa-3.0.6.jar;C:\Users\Mohamed Omara\.m2\repository\org\springframework\boot\spring-boot-starter-aop\3.0.6\spring-boot-starter-aop-3.0.6.jar;C:\Users\Mohamed Omara\.m2\repository\org\springframework\spring-aop\6.0.8\spring-aop-6.0.8.jar;C:\Users\Mohamed Omara\.m2\repository\org\aspectj\aspectjweaver\1.9.19\aspectjweaver-1.9.19.jar;C:\Users\Mohamed Omara\.m2\repository\org\springframework\boot\spring-boot-starter-jdbc\3.0.6\spring-boot-starter-jdbc-3.0.6.jar;C:\Users\Mohamed Omara\.m2\repository\com\zaxxer\HikariCP\5.0.1\HikariCP-5.0.1.jar;C:\Users\Mohamed Omara\.m2\repository\org\springframework\spring-jdbc\6.0.8\spring-jdbc-6.0.8.jar;C:\Users\Mohamed Omara\.m2\repository\org\hibernate\orm\hibernate-core\6.1.7.Final\hibernate-core-6.1.7.Final.jar;C:\Users\Mohamed Omara\.m2\repository\jakarta\persistence\jakarta.persistence-api\3.1.0\jakarta.persistence-api-3.1.0.jar;C:\Users\Mohamed Omara\.m2\repository\jakarta\transaction\jakarta.transaction-api\2.0.1\jakarta.transaction-api-2.0.1.jar;C:\Users\Mohamed Omara\.m2\repository\org\jboss\logging\jboss-logging\3.5.0.Final\jboss-logging-3.5.0.Final.jar;C:\Users\Mohamed Omara\.m2\repository\org\hibernate\common\hibernate-commons-annotations\6.0.6.Final\hibernate-commons-annotations-6.0.6.Final.jar;C:\Users\Mohamed Omara\.m2\repository\org\jboss\jandex\2.4.2.Final\jandex-2.4.2.Final.jar;C:\Users\Mohamed Omara\.m2\repository\com\fasterxml\classmate\1.5.1\classmate-1.5.1.jar;C:\Users\Mohamed Omara\.m2\repository\net\bytebuddy\byte-buddy\1.12.23\byte-buddy-1.12.23.jar;C:\Users\Mohamed Omara\.m2\repository\org\glassfish\jaxb\jaxb-runtime\4.0.2\jaxb-runtime-4.0.2.jar;C:\Users\Mohamed Omara\.m2\repository\org\glassfish\jaxb\jaxb-core\4.0.2\jaxb-core-4.0.2.jar;C:\Users\Mohamed Omara\.m2\repository\org\eclipse\angus\angus-activation\2.0.0\angus-activation-2.0.0.jar;C:\Users\Mohamed Omara\.m2\repository\org\glassfish\jaxb\txw2\4.0.2\txw2-4.0.2.jar;C:\Users\Mohamed Omara\.m2\repository\com\sun\istack\istack-commons-runtime\4.1.1\istack-commons-runtime-4.1.1.jar;C:\Users\Mohamed Omara\.m2\repository\jakarta\inject\jakarta.inject-api\2.0.0\jakarta.inject-api-2.0.0.jar;C:\Users\Mohamed Omara\.m2\repository\org\antlr\antlr4-runtime\4.10.1\antlr4-runtime-4.10.1.jar;C:\Users\Mohamed Omara\.m2\repository\org\springframework\data\spring-data-jpa\3.0.5\spring-data-jpa-3.0.5.jar;C:\Users\Mohamed Omara\.m2\repository\org\springframework\data\spring-data-commons\3.0.5\spring-data-commons-3.0.5.jar;C:\Users\Mohamed Omara\.m2\repository\org\springframework\spring-orm\6.0.8\spring-orm-6.0.8.jar;C:\Users\Mohamed Omara\.m2\repository\org\springframework\spring-context\6.0.8\spring-context-6.0.8.jar;C:\Users\Mohamed Omara\.m2\repository\org\springframework\spring-tx\6.0.8\spring-tx-6.0.8.jar;C:\Users\Mohamed Omara\.m2\repository\org\springframework\spring-beans\6.0.8\spring-beans-6.0.8.jar;C:\Users\Mohamed Omara\.m2\repository\jakarta\annotation\jakarta.annotation-api\2.1.1\jakarta.annotation-api-2.1.1.jar;C:\Users\Mohamed Omara\.m2\repository\org\slf4j\slf4j-api\2.0.7\slf4j-api-2.0.7.jar;C:\Users\Mohamed Omara\.m2\repository\org\springframework\spring-aspects\6.0.8\spring-aspects-6.0.8.jar;C:\Users\Mohamed Omara\.m2\repository\org\springframework\boot\spring-boot-starter-web\3.0.6\spring-boot-starter-web-3.0.6.jar;C:\Users\Mohamed Omara\.m2\repository\org\springframework\boot\spring-boot-starter\3.0.6\spring-boot-starter-3.0.6.jar;C:\Users\Mohamed Omara\.m2\repository\org\springframework\boot\spring-boot-starter-logging\3.0.6\spring-boot-starter-logging-3.0.6.jar;C:\Users\Mohamed Omara\.m2\repository\ch\qos\logback\logback-classic\1.4.7\logback-classic-1.4.7.jar;C:\Users\Mohamed Omara\.m2\repository\ch\qos\logback\logback-core\1.4.7\logback-core-1.4.7.jar;C:\Users\Mohamed Omara\.m2\repository\org\apache\logging\log4j\log4j-to-slf4j\2.19.0\log4j-to-slf4j-2.19.0.jar;C:\Users\Mohamed Omara\.m2\repository\org\apache\logging\log4j\log4j-api\2.19.0\log4j-api-2.19.0.jar;C:\Users\Mohamed Omara\.m2\repository\org\slf4j\jul-to-slf4j\2.0.7\jul-to-slf4j-2.0.7.jar;C:\Users\Mohamed Omara\.m2\repository\org\yaml\snakeyaml\1.33\snakeyaml-1.33.jar;C:\Users\Mohamed Omara\.m2\repository\org\springframework\boot\spring-boot-starter-json\3.0.6\spring-boot-starter-json-3.0.6.jar;C:\Users\Mohamed Omara\.m2\repository\com\fasterxml\jackson\core\jackson-databind\2.14.2\jackson-databind-2.14.2.jar;C:\Users\Mohamed Omara\.m2\repository\com\fasterxml\jackson\core\jackson-annotations\2.14.2\jackson-annotations-2.14.2.jar;C:\Users\Mohamed Omara\.m2\repository\com\fasterxml\jackson\core\jackson-core\2.14.2\jackson-core-2.14.2.jar;C:\Users\Mohamed Omara\.m2\repository\com\fasterxml\jackson\datatype\jackson-datatype-jdk8\2.14.2\jackson-datatype-jdk8-2.14.2.jar;C:\Users\Mohamed Omara\.m2\repository\com\fasterxml\jackson\datatype\jackson-datatype-jsr310\2.14.2\jackson-datatype-jsr310-2.14.2.jar;C:\Users\Mohamed Omara\.m2\repository\com\fasterxml\jackson\module\jackson-module-parameter-names\2.14.2\jackson-module-parameter-names-2.14.2.jar;C:\Users\Mohamed Omara\.m2\repository\org\springframework\boot\spring-boot-starter-tomcat\3.0.6\spring-boot-starter-tomcat-3.0.6.jar;C:\Users\Mohamed Omara\.m2\repository\org\apache\tomcat\embed\tomcat-embed-core\10.1.8\tomcat-embed-core-10.1.8.jar;C:\Users\Mohamed Omara\.m2\repository\org\apache\tomcat\embed\tomcat-embed-el\10.1.8\tomcat-embed-el-10.1.8.jar;C:\Users\Mohamed Omara\.m2\repository\org\apache\tomcat\embed\tomcat-embed-websocket\10.1.8\tomcat-embed-websocket-10.1.8.jar;C:\Users\Mohamed Omara\.m2\repository\org\springframework\spring-web\6.0.8\spring-web-6.0.8.jar;C:\Users\Mohamed Omara\.m2\repository\io\micrometer\micrometer-observation\1.10.6\micrometer-observation-1.10.6.jar;C:\Users\Mohamed Omara\.m2\repository\io\micrometer\micrometer-commons\1.10.6\micrometer-commons-1.10.6.jar;C:\Users\Mohamed Omara\.m2\repository\org\springframework\spring-webmvc\6.0.8\spring-webmvc-6.0.8.jar;C:\Users\Mohamed Omara\.m2\repository\org\springframework\spring-expression\6.0.8\spring-expression-6.0.8.jar;C:\Users\Mohamed Omara\.m2\repository\org\springframework\boot\spring-boot-devtools\3.0.6\spring-boot-devtools-3.0.6.jar;C:\Users\Mohamed Omara\.m2\repository\org\springframework\boot\spring-boot\3.0.6\spring-boot-3.0.6.jar;C:\Users\Mohamed Omara\.m2\repository\org\springframework\boot\spring-boot-autoconfigure\3.0.6\spring-boot-autoconfigure-3.0.6.jar;C:\Users\Mohamed Omara\.m2\repository\com\microsoft\sqlserver\mssql-jdbc\11.2.3.jre17\mssql-jdbc-11.2.3.jre17.jar;C:\Users\Mohamed Omara\.m2\repository\jakarta\xml\bind\jakarta.xml.bind-api\4.0.0\jakarta.xml.bind-api-4.0.0.jar;C:\Users\Mohamed Omara\.m2\repository\jakarta\activation\jakarta.activation-api\2.1.1\jakarta.activation-api-2.1.1.jar;C:\Users\Mohamed Omara\.m2\repository\org\springframework\spring-core\6.0.8\spring-core-6.0.8.jar;C:\Users\Mohamed Omara\.m2\repository\org\springframework\spring-jcl\6.0.8\spring-jcl-6.0.8.jar
Launcher Type: SUN_STANDARD

[Global flags]
     intx CICompilerCount                          = 4                                         {product} {ergonomic}
     uint ConcGCThreads                            = 2                                         {product} {ergonomic}
     uint G1ConcRefinementThreads                  = 8                                         {product} {ergonomic}
   size_t G1HeapRegionSize                         = 1048576                                   {product} {ergonomic}
    uintx GCDrainStackTargetSize                   = 64                                        {product} {ergonomic}
   size_t InitialHeapSize                          = 134217728                                 {product} {ergonomic}
   size_t MarkStackSize                            = 4194304                                   {product} {ergonomic}
   size_t MaxHeapSize                              = 2122317824                                {product} {ergonomic}
   size_t MaxNewSize                               = 1272971264                                {product} {ergonomic}
   size_t MinHeapDeltaBytes                        = 1048576                                   {product} {ergonomic}
   size_t MinHeapSize                              = 8388608                                   {product} {ergonomic}
    uintx NonNMethodCodeHeapSize                   = 5839372                                {pd product} {ergonomic}
    uintx NonProfiledCodeHeapSize                  = 122909434                              {pd product} {ergonomic}
    uintx ProfiledCodeHeapSize                     = 122909434                              {pd product} {ergonomic}
    uintx ReservedCodeCacheSize                    = 251658240                              {pd product} {ergonomic}
     bool SegmentedCodeCache                       = true                                      {product} {ergonomic}
   size_t SoftMaxHeapSize                          = 2122317824                             {manageable} {ergonomic}
     bool UseCompressedClassPointers               = true                           {product lp64_product} {ergonomic}
     bool UseCompressedOops                        = true                           {product lp64_product} {ergonomic}
     bool UseG1GC                                  = true                                      {product} {ergonomic}
     bool UseLargePagesIndividualAllocation        = false                                  {pd product} {ergonomic}

Logging:
Log output configuration:
 #0: stdout all=warning uptime,level,tags foldmultilines=false
 #1: stderr all=off uptime,level,tags foldmultilines=false

Environment Variables:
JAVA_HOME=C:\Program Files\Java\jdk-17
PATH=D:\dbOracle\db_home\bin;C:\Program Files\Common Files\Oracle\Java\javapath;C:\WINDOWS\system32;C:\WINDOWS;C:\WINDOWS\System32\Wbem;C:\WINDOWS\System32\WindowsPowerShell\v1.0\;C:\WINDOWS\System32\OpenSSH\;C:\Program Files (x86)\Brackets\command;C:\Program Files\Git\cmd;C:\Program Files\nodejs\;E:\FCI\4rd term 2 CS\apache-maven-3.8.5\bin;C:\ProgramData\DockerDesktop\version-bin;C:\Program Files\dotnet\;C:\Program Files\MongoDB\Server\6.0\bin;C:\Program Files\Java\jdk-17\bin;C:\Program Files (x86)\Microsoft SQL Server\160\Tools\Binn\;C:\Program Files\Microsoft SQL Server\160\Tools\Binn\;C:\Program Files\Microsoft SQL Server\Client SDK\ODBC\170\Tools\Binn\;C:\Program Files\Microsoft SQL Server\160\DTS\Binn\;C:\Program Files (x86)\Microsoft SQL Server\160\DTS\Binn\;C:\Program Files\Azure Data Studio\bin;C:\Program Files\apache-maven-3.9.1\bin;C:\Program Files\MySQL\MySQL Shell 8.0\bin\;C:\Program Files\Common Files\Oracle\Java\javapath;C:\Program Files (x86)\Common Files\Oracle\Java\javapath;C:\WINDOWS\system32;C:\WINDOWS;C:\WINDOWS\System32\Wbem;C:\WINDOWS\System32\WindowsPowerShell\v1.0\;C:\WINDOWS\System32\OpenSSH\;C:\Program Files (x86)\Brackets\command;C:\Program Files\Docker\Docker\resources\bin;C:\ProgramData\DockerDesktop\version-bin;C:\Program Files\Git\cmd;C:\Program Files\nodejs\;E:\FCI\4rd term 2 CS\apache-maven-3.8.5\bin;C:\Program Files\Java\jdk-17\bin;C:\Users\Mohamed Omara\AppData\Local\Microsoft\WindowsApps;C:\Users\Mohamed Omara\AppData\Roaming\npm;C:\Users\Mohamed Omara\AppData\Local\Programs\Microsoft VS Code\bin;C:\Program Files\heroku\bin;C:\Python39\Scripts;C:\Users\Mohamed Omara\.dotnet\tools;C:\Users\Mohamed Omara\AppData\Local\Programs\mongosh\;C:\Users\Mohamed Omara\AppData\Local\Microsoft\WindowsApps;;C:\Program Files\Azure Data Studio\bin;C:\Program Files\JetBrains\IntelliJ IDEA Community Edition 2023.1.1\bin;
USERNAME=Mohamed Omara
OS=Windows_NT
PROCESSOR_IDENTIFIER=Intel64 Family 6 Model 142 Stepping 10, GenuineIntel
TMP=C:\Users\MOHAME~1\AppData\Local\Temp
TEMP=C:\Users\MOHAME~1\AppData\Local\Temp



---------------  S Y S T E M  ---------------

OS:
 Windows 10 , 64 bit Build 19041 (10.0.19041.2913)
OS uptime: 4 days 4:11 hours
Hyper-V role detected

CPU: total 8 (initial active 8) (4 cores per cpu, 2 threads per core) family 6 model 142 stepping 10 microcode 0xf0, cx8, cmov, fxsr, ht, mmx, 3dnowpref, sse, sse2, sse3, ssse3, sse4.1, sse4.2, popcnt, lzcnt, tsc, tscinvbit, avx, avx2, aes, erms, clmul, bmi1, bmi2, adx, fma, vzeroupper, clflush, clflushopt, hv, rdtscp

Memory: 4k page, system-wide physical 8089M (867M free)
TotalPageFile size 10137M (AvailPageFile size 1M)
current process WorkingSet (physical memory assigned to process): 120M, peak: 120M
current process commit charge ("private bytes"): 251M, peak: 251M

vm_info: Java HotSpot(TM) 64-Bit Server VM (19.0.1+10-21) for windows-amd64 JRE (19.0.1+10-21), built on 2022-09-14T12:45:06Z by "mach5one" with MS VC++ 17.1 (VS2022)

END.
